#
# There is insufficient memory for the Java Runtime Environment to continue.
# Native memory allocation (malloc) failed to allocate 1048576 bytes for AllocateHeap
# Possible reasons:
#   The system is out of physical RAM or swap space
#   The process is running with CompressedOops enabled, and the Java Heap may be blocking the growth of the native heap
# Possible solutions:
#   Reduce memory load on the system
#   Increase physical memory or swap space
#   Check if swap backing store is full
#   Decrease Java heap size (-Xmx/-Xms)
#   Decrease number of Java threads
#   Decrease Java thread stack sizes (-Xss)
#   Set larger code cache with -XX:ReservedCodeCacheSize=
#   JVM is running with Unscaled Compressed Oops mode in which the Java heap is
#     placed in the first 4GB address space. The Java Heap base address is the
#     maximum limit for the native heap growth. Please use -XX:HeapBaseMinAddress
#     to set the Java Heap base and to place the Java Heap above 4GB virtual address.
# This output file may be truncated or incomplete.
#
#  Out of Memory Error (allocation.cpp:44), pid=15476, tid=18348
#
# JRE version: OpenJDK Runtime Environment Temurin-17.0.10+7 (17.0.10+7) (build 17.0.10+7)
# Java VM: OpenJDK 64-Bit Server VM Temurin-17.0.10+7 (17.0.10+7, mixed mode, emulated-client, tiered, compressed oops, compressed class ptrs, g1 gc, windows-amd64)
# No core dump will be written. Minidumps are not enabled by default on client versions of Windows
#

---------------  S U M M A R Y ------------

Command Line: -Xmx1024m -Dsts.lsp.client=vscode -Dsts.log.file=/dev/null -XX:TieredStopAtLevel=1 -Xlog:jni+resolve=off -Dspring.config.location=file:c:\Users\hp\.vscode\extensions\vmware.vscode-spring-boot-1.54.0\language-server\BOOT-INF\classes\application.properties org.springframework.ide.vscode.boot.app.BootLanguageServerBootApp

Host: 11th Gen Intel(R) Core(TM) i3-1125G4 @ 2.00GHz, 8 cores, 7G,  Windows 11 , 64 bit Build 22621 (10.0.22621.3527)
Time: Wed May 15 16:57:17 2024 India Standard Time elapsed time: 3230.172327 seconds (0d 0h 53m 50s)

---------------  T H R E A D  ---------------

Current thread (0x000001e8d73b2920):  VMThread "VM Thread" [stack: 0x0000003ab7500000,0x0000003ab7600000] [id=18348]

Stack: [0x0000003ab7500000,0x0000003ab7600000]
Native frames: (J=compiled Java code, j=interpreted, Vv=VM code, C=native code)
V  [jvm.dll+0x67d2c9]
V  [jvm.dll+0x834afa]
V  [jvm.dll+0x8365be]
V  [jvm.dll+0x836c23]
V  [jvm.dll+0x2477ff]
V  [jvm.dll+0xa6c93]
V  [jvm.dll+0x2f8663]
V  [jvm.dll+0x2f42e0]
V  [jvm.dll+0x2dc8c7]
V  [jvm.dll+0x31fb87]
V  [jvm.dll+0x83b11b]
V  [jvm.dll+0x83be61]
V  [jvm.dll+0x83c37d]
V  [jvm.dll+0x83c754]
V  [jvm.dll+0x83c820]
V  [jvm.dll+0x7e3fba]
V  [jvm.dll+0x67c1b5]
C  [ucrtbase.dll+0x29333]
C  [KERNEL32.DLL+0x1257d]
C  [ntdll.dll+0x5aa48]

VM_Operation (0x0000003ab8bfef30): G1CollectFull, mode: safepoint, requested by thread 0x000001e8dd3fc070


---------------  P R O C E S S  ---------------

Threads class SMR info:
_java_thread_list=0x000001e8dd146520, length=28, elements={
0x000001e8d73fe380, 0x000001e8d7404610, 0x000001e8d7424130, 0x000001e8d754b900,
0x000001e8d754e1e0, 0x000001e8d7550ac0, 0x000001e8d7551440, 0x000001e8d742e390,
0x000001e8d7740e20, 0x000001e8d775c7d0, 0x000001e8dc62f040, 0x000001e8dd3fc070,
0x000001e8dc616130, 0x000001e8cc5c7a10, 0x000001e8d769b580, 0x000001e8dc758300,
0x000001e8d7686210, 0x000001e8d76852e0, 0x000001e8d7686720, 0x000001e8d7686c30,
0x000001e8dd45ee10, 0x000001e8dd4620b0, 0x000001e8dd460250, 0x000001e8dd460760,
0x000001e8dd460c70, 0x000001e8dd463a00, 0x000001e8dd45f320, 0x000001e8dd461ba0
}

Java Threads: ( => current thread )
  0x000001e8d73fe380 JavaThread "Reference Handler" daemon [_thread_blocked, id=9868, stack(0x0000003ab7600000,0x0000003ab7700000)]
  0x000001e8d7404610 JavaThread "Finalizer" daemon [_thread_blocked, id=22512, stack(0x0000003ab7700000,0x0000003ab7800000)]
  0x000001e8d7424130 JavaThread "Signal Dispatcher" daemon [_thread_blocked, id=17180, stack(0x0000003ab7800000,0x0000003ab7900000)]
  0x000001e8d754b900 JavaThread "Attach Listener" daemon [_thread_blocked, id=16464, stack(0x0000003ab7900000,0x0000003ab7a00000)]
  0x000001e8d754e1e0 JavaThread "Service Thread" daemon [_thread_blocked, id=27868, stack(0x0000003ab7a00000,0x0000003ab7b00000)]
  0x000001e8d7550ac0 JavaThread "Monitor Deflation Thread" daemon [_thread_blocked, id=19492, stack(0x0000003ab7b00000,0x0000003ab7c00000)]
  0x000001e8d7551440 JavaThread "C1 CompilerThread0" daemon [_thread_blocked, id=24076, stack(0x0000003ab7c00000,0x0000003ab7d00000)]
  0x000001e8d742e390 JavaThread "Sweeper thread" daemon [_thread_blocked, id=9244, stack(0x0000003ab7d00000,0x0000003ab7e00000)]
  0x000001e8d7740e20 JavaThread "Notification Thread" daemon [_thread_blocked, id=26048, stack(0x0000003ab7e00000,0x0000003ab7f00000)]
  0x000001e8d775c7d0 JavaThread "Common-Cleaner" daemon [_thread_blocked, id=23388, stack(0x0000003ab8000000,0x0000003ab8100000)]
  0x000001e8dc62f040 JavaThread "boundedElastic-evictor-1" daemon [_thread_blocked, id=17184, stack(0x0000003ab8700000,0x0000003ab8800000)]
  0x000001e8dd3fc070 JavaThread "pool-13-thread-1" [_thread_blocked, id=10408, stack(0x0000003ab8b00000,0x0000003ab8c00000)]
  0x000001e8dc616130 JavaThread "LanguageServerApp-lifecycle" [_thread_blocked, id=26180, stack(0x0000003ab8c00000,0x0000003ab8d00000)]
  0x000001e8cc5c7a10 JavaThread "DestroyJavaVM" [_thread_blocked, id=24608, stack(0x0000003ab6f00000,0x0000003ab7000000)]
  0x000001e8d769b580 JavaThread "pool-14-thread-1" [_thread_in_native, id=5152, stack(0x0000003ab8d00000,0x0000003ab8e00000)]
  0x000001e8dc758300 JavaThread "Simple-Language-Server main thread" daemon [_thread_blocked, id=4220, stack(0x0000003ab8e00000,0x0000003ab8f00000)]
  0x000001e8d7686210 JavaThread "pool-8-thread-1" [_thread_blocked, id=33332, stack(0x0000003ab9a00000,0x0000003ab9b00000)]
  0x000001e8d76852e0 JavaThread "parallel-1" daemon [_thread_blocked, id=13484, stack(0x0000003ab9b00000,0x0000003ab9c00000)]
  0x000001e8d7686720 JavaThread "pool-6-thread-1" [_thread_blocked, id=32648, stack(0x0000003ab9c00000,0x0000003ab9d00000)]
  0x000001e8d7686c30 JavaThread "parallel-2" daemon [_thread_blocked, id=25944, stack(0x0000003ab9d00000,0x0000003ab9e00000)]
  0x000001e8dd45ee10 JavaThread "parallel-3" daemon [_thread_blocked, id=27508, stack(0x0000003ab9e00000,0x0000003ab9f00000)]
  0x000001e8dd4620b0 JavaThread "parallel-4" daemon [_thread_blocked, id=13880, stack(0x0000003aba400000,0x0000003aba500000)]
  0x000001e8dd460250 JavaThread "parallel-5" daemon [_thread_blocked, id=27736, stack(0x0000003aba500000,0x0000003aba600000)]
  0x000001e8dd460760 JavaThread "parallel-6" daemon [_thread_blocked, id=12952, stack(0x0000003aba600000,0x0000003aba700000)]
  0x000001e8dd460c70 JavaThread "parallel-7" daemon [_thread_blocked, id=17600, stack(0x0000003aba800000,0x0000003aba900000)]
  0x000001e8dd463a00 JavaThread "parallel-8" daemon [_thread_blocked, id=27120, stack(0x0000003aba900000,0x0000003abaa00000)]
  0x000001e8dd45f320 JavaThread "Reconciler-1" daemon [_thread_blocked, id=33052, stack(0x0000003abab00000,0x0000003abac00000)]
  0x000001e8dd461ba0 JavaThread "CompletableFutureDelayScheduler" daemon [_thread_blocked, id=19888, stack(0x0000003ab9000000,0x0000003ab9100000)]

Other Threads:
=>0x000001e8d73b2920 VMThread "VM Thread" [stack: 0x0000003ab7500000,0x0000003ab7600000] [id=18348]
  0x000001e8d7743310 WatcherThread [stack: 0x0000003ab7f00000,0x0000003ab8000000] [id=17976]
  0x000001e8cc605dc0 GCTaskThread "GC Thread#0" [stack: 0x0000003ab7000000,0x0000003ab7100000] [id=23640]
  0x000001e8dc8c26f0 GCTaskThread "GC Thread#1" [stack: 0x0000003ab8200000,0x0000003ab8300000] [id=26680]
  0x000001e8dc8d4810 GCTaskThread "GC Thread#2" [stack: 0x0000003ab8300000,0x0000003ab8400000] [id=12432]
  0x000001e8dc8d4ad0 GCTaskThread "GC Thread#3" [stack: 0x0000003ab8400000,0x0000003ab8500000] [id=26908]
  0x000001e8dcafa6d0 GCTaskThread "GC Thread#4" [stack: 0x0000003ab8500000,0x0000003ab8600000] [id=19096]
  0x000001e8dcb00eb0 GCTaskThread "GC Thread#5" [stack: 0x0000003ab8600000,0x0000003ab8700000] [id=13920]
  0x000001e8dcdb0c80 GCTaskThread "GC Thread#6" [stack: 0x0000003ab8800000,0x0000003ab8900000] [id=18200]
  0x000001e8dcdeb690 GCTaskThread "GC Thread#7" [stack: 0x0000003ab8900000,0x0000003ab8a00000] [id=26924]
  0x000001e8cc60ec20 ConcurrentGCThread "G1 Main Marker" [stack: 0x0000003ab7100000,0x0000003ab7200000] [id=32280]
  0x000001e8cc60f550 ConcurrentGCThread "G1 Conc#0" [stack: 0x0000003ab7200000,0x0000003ab7300000] [id=22404]
  0x000001e8dcd9dc70 ConcurrentGCThread "G1 Conc#1" [stack: 0x0000003ab8a00000,0x0000003ab8b00000] [id=13320]
  0x000001e8cc664590 ConcurrentGCThread "G1 Refine#0" [stack: 0x0000003ab7300000,0x0000003ab7400000] [id=5288]
  0x000001e8d72520b0 ConcurrentGCThread "G1 Service" [stack: 0x0000003ab7400000,0x0000003ab7500000] [id=28740]

Threads with active compile tasks:

VM state: at safepoint (normal execution)

VM Mutex/Monitor currently owned by a thread:  ([mutex/lock_event])
[0x000001e8ca311950] Threads_lock - owner thread: 0x000001e8d73b2920
[0x000001e8cc5c5cf0] Heap_lock - owner thread: 0x000001e8dd3fc070

Heap address: 0x00000000c0000000, size: 1024 MB, Compressed Oops mode: 32-bit

CDS archive(s) not mapped
Compressed class space mapped at: 0x0000000100000000-0x0000000140000000, reserved size: 1073741824
Narrow klass base: 0x0000000000000000, Narrow klass shift: 3, Narrow klass range: 0x140000000

GC Precious Log:
 CPUs: 8 total, 8 available
 Memory: 7834M
 Large Page Support: Disabled
 NUMA Support: Disabled
 Compressed Oops: Enabled (32-bit)
 Heap Region Size: 1M
 Heap Min Capacity: 8M
 Heap Initial Capacity: 124M
 Heap Max Capacity: 1G
 Pre-touch: Disabled
 Parallel Workers: 8
 Concurrent Workers: 2
 Concurrent Refinement Workers: 8
 Periodic GC: Disabled

Heap:
 garbage-first heap   total 119808K, used 35894K [0x00000000c0000000, 0x0000000100000000)
  region size 1024K, 1 young (1024K), 0 survivors (0K)
 Metaspace       used 60378K, committed 61184K, reserved 1114112K
  class space    used 7559K, committed 7872K, reserved 1048576K

Heap Regions: E=young(eden), S=young(survivor), O=old, HS=humongous(starts), HC=humongous(continues), CS=collection set, F=free, OA=open archive, CA=closed archive, TAMS=top-at-mark-start (previous, next)
|   0|0x00000000c0000000, 0x00000000c0100000, 0x00000000c0100000|100%|HS|  |TAMS 0x00000000c0100000, 0x00000000c0000000| Untracked 
|   1|0x00000000c0100000, 0x00000000c0200000, 0x00000000c0200000|100%|HC|  |TAMS 0x00000000c0200000, 0x00000000c0100000| Untracked 
|   2|0x00000000c0200000, 0x00000000c0300000, 0x00000000c0300000|100%|HC|  |TAMS 0x00000000c0300000, 0x00000000c0200000| Untracked 
|   3|0x00000000c0300000, 0x00000000c0400000, 0x00000000c0400000|100%|HC|  |TAMS 0x00000000c0400000, 0x00000000c0300000| Untracked 
|   4|0x00000000c0400000, 0x00000000c0500000, 0x00000000c0500000|100%|HS|  |TAMS 0x00000000c0500000, 0x00000000c0400000| Untracked 
|   5|0x00000000c0500000, 0x00000000c0600000, 0x00000000c0600000|100%|HC|  |TAMS 0x00000000c0600000, 0x00000000c0500000| Untracked 
|   6|0x00000000c0600000, 0x00000000c0700000, 0x00000000c0700000|100%| O|  |TAMS 0x00000000c0700000, 0x00000000c0600000| Untracked 
|   7|0x00000000c0700000, 0x00000000c0800000, 0x00000000c0800000|100%| O|  |TAMS 0x00000000c0800000, 0x00000000c0700000| Untracked 
|   8|0x00000000c0800000, 0x00000000c0900000, 0x00000000c0900000|100%| O|  |TAMS 0x00000000c0900000, 0x00000000c0800000| Untracked 
|   9|0x00000000c0900000, 0x00000000c0a00000, 0x00000000c0a00000|100%| O|  |TAMS 0x00000000c0a00000, 0x00000000c0900000| Untracked 
|  10|0x00000000c0a00000, 0x00000000c0b00000, 0x00000000c0b00000|100%| O|  |TAMS 0x00000000c0b00000, 0x00000000c0a00000| Untracked 
|  11|0x00000000c0b00000, 0x00000000c0bffff0, 0x00000000c0c00000| 99%| O|  |TAMS 0x00000000c0bffff0, 0x00000000c0b00000| Untracked 
|  12|0x00000000c0c00000, 0x00000000c0cffff0, 0x00000000c0d00000| 99%| O|  |TAMS 0x00000000c0cffff0, 0x00000000c0c00000| Untracked 
|  13|0x00000000c0d00000, 0x00000000c0e00000, 0x00000000c0e00000|100%| O|  |TAMS 0x00000000c0e00000, 0x00000000c0d00000| Untracked 
|  14|0x00000000c0e00000, 0x00000000c0f00000, 0x00000000c0f00000|100%| O|  |TAMS 0x00000000c0f00000, 0x00000000c0e00000| Untracked 
|  15|0x00000000c0f00000, 0x00000000c0ffff88, 0x00000000c1000000| 99%| O|  |TAMS 0x00000000c0ffff88, 0x00000000c0f00000| Untracked 
|  16|0x00000000c1000000, 0x00000000c10ffff0, 0x00000000c1100000| 99%| O|  |TAMS 0x00000000c10ffff0, 0x00000000c1000000| Untracked 
|  17|0x00000000c1100000, 0x00000000c11fffb8, 0x00000000c1200000| 99%| O|  |TAMS 0x00000000c11fffb8, 0x00000000c1100000| Untracked 
|  18|0x00000000c1200000, 0x00000000c12fffe8, 0x00000000c1300000| 99%| O|  |TAMS 0x00000000c12fffe8, 0x00000000c1200000| Untracked 
|  19|0x00000000c1300000, 0x00000000c13ffff8, 0x00000000c1400000| 99%| O|  |TAMS 0x00000000c13ffff8, 0x00000000c1300000| Untracked 
|  20|0x00000000c1400000, 0x00000000c14fffe8, 0x00000000c1500000| 99%| O|  |TAMS 0x00000000c14fffe8, 0x00000000c1400000| Untracked 
|  21|0x00000000c1500000, 0x00000000c15fffe8, 0x00000000c1600000| 99%| O|  |TAMS 0x00000000c15fffe8, 0x00000000c1500000| Untracked 
|  22|0x00000000c1600000, 0x00000000c16fe4b0, 0x00000000c1700000| 99%| O|  |TAMS 0x00000000c16fe4b0, 0x00000000c1600000| Untracked 
|  23|0x00000000c1700000, 0x00000000c17ffff0, 0x00000000c1800000| 99%| O|  |TAMS 0x00000000c17ffff0, 0x00000000c1700000| Untracked 
|  24|0x00000000c1800000, 0x00000000c18ffff8, 0x00000000c1900000| 99%| O|  |TAMS 0x00000000c18ffff8, 0x00000000c1800000| Untracked 
|  25|0x00000000c1900000, 0x00000000c19ffff0, 0x00000000c1a00000| 99%| O|  |TAMS 0x00000000c19ffff0, 0x00000000c1900000| Untracked 
|  26|0x00000000c1a00000, 0x00000000c1affc48, 0x00000000c1b00000| 99%| O|  |TAMS 0x00000000c1affc48, 0x00000000c1a00000| Untracked 
|  27|0x00000000c1b00000, 0x00000000c1bfffe8, 0x00000000c1c00000| 99%| O|  |TAMS 0x00000000c1bfffe8, 0x00000000c1b00000| Untracked 
|  28|0x00000000c1c00000, 0x00000000c1d00000, 0x00000000c1d00000|100%| O|  |TAMS 0x00000000c1d00000, 0x00000000c1c00000| Untracked 
|  29|0x00000000c1d00000, 0x00000000c1dff830, 0x00000000c1e00000| 99%| O|  |TAMS 0x00000000c1dff830, 0x00000000c1d00000| Untracked 
|  30|0x00000000c1e00000, 0x00000000c1efe798, 0x00000000c1f00000| 99%| O|  |TAMS 0x00000000c1efe798, 0x00000000c1e00000| Untracked 
|  31|0x00000000c1f00000, 0x00000000c2000000, 0x00000000c2000000|100%| O|  |TAMS 0x00000000c2000000, 0x00000000c1f00000| Untracked 
|  32|0x00000000c2000000, 0x00000000c20fffd8, 0x00000000c2100000| 99%| O|  |TAMS 0x00000000c20fffd8, 0x00000000c2000000| Untracked 
|  33|0x00000000c2100000, 0x00000000c21e0a30, 0x00000000c2200000| 87%| O|  |TAMS 0x00000000c2100000, 0x00000000c2100000| Untracked 
|  34|0x00000000c2200000, 0x00000000c22ffc58, 0x00000000c2300000| 99%| O|  |TAMS 0x00000000c22ffc58, 0x00000000c2200000| Untracked 
|  35|0x00000000c2300000, 0x00000000c23312a0, 0x00000000c2400000| 19%| O|  |TAMS 0x00000000c2300000, 0x00000000c2300000| Untracked 
|  36|0x00000000c2400000, 0x00000000c2400000, 0x00000000c2500000|  0%| F|  |TAMS 0x00000000c2400000, 0x00000000c2400000| Untracked 
|  37|0x00000000c2500000, 0x00000000c2500000, 0x00000000c2600000|  0%| F|  |TAMS 0x00000000c2500000, 0x00000000c2500000| Untracked 
|  38|0x00000000c2600000, 0x00000000c2600000, 0x00000000c2700000|  0%| F|  |TAMS 0x00000000c2600000, 0x00000000c2600000| Untracked 
|  39|0x00000000c2700000, 0x00000000c2700000, 0x00000000c2800000|  0%| F|  |TAMS 0x00000000c2700000, 0x00000000c2700000| Untracked 
|  40|0x00000000c2800000, 0x00000000c2800000, 0x00000000c2900000|  0%| F|  |TAMS 0x00000000c2800000, 0x00000000c2800000| Untracked 
|  41|0x00000000c2900000, 0x00000000c2900000, 0x00000000c2a00000|  0%| F|  |TAMS 0x00000000c2900000, 0x00000000c2900000| Untracked 
|  42|0x00000000c2a00000, 0x00000000c2a00000, 0x00000000c2b00000|  0%| F|  |TAMS 0x00000000c2a00000, 0x00000000c2a00000| Untracked 
|  43|0x00000000c2b00000, 0x00000000c2b00000, 0x00000000c2c00000|  0%| F|  |TAMS 0x00000000c2b00000, 0x00000000c2b00000| Untracked 
|  44|0x00000000c2c00000, 0x00000000c2c00000, 0x00000000c2d00000|  0%| F|  |TAMS 0x00000000c2c00000, 0x00000000c2c00000| Untracked 
|  45|0x00000000c2d00000, 0x00000000c2d00000, 0x00000000c2e00000|  0%| F|  |TAMS 0x00000000c2d00000, 0x00000000c2d00000| Untracked 
|  46|0x00000000c2e00000, 0x00000000c2e00000, 0x00000000c2f00000|  0%| F|  |TAMS 0x00000000c2e00000, 0x00000000c2e00000| Untracked 
|  47|0x00000000c2f00000, 0x00000000c2f00000, 0x00000000c3000000|  0%| F|  |TAMS 0x00000000c2f00000, 0x00000000c2f00000| Untracked 
|  48|0x00000000c3000000, 0x00000000c3000000, 0x00000000c3100000|  0%| F|  |TAMS 0x00000000c3000000, 0x00000000c3000000| Untracked 
|  49|0x00000000c3100000, 0x00000000c3100000, 0x00000000c3200000|  0%| F|  |TAMS 0x00000000c3100000, 0x00000000c3100000| Untracked 
|  50|0x00000000c3200000, 0x00000000c3200000, 0x00000000c3300000|  0%| F|  |TAMS 0x00000000c3200000, 0x00000000c3200000| Untracked 
|  51|0x00000000c3300000, 0x00000000c3300000, 0x00000000c3400000|  0%| F|  |TAMS 0x00000000c3300000, 0x00000000c3300000| Untracked 
|  52|0x00000000c3400000, 0x00000000c3400000, 0x00000000c3500000|  0%| F|  |TAMS 0x00000000c3400000, 0x00000000c3400000| Untracked 
|  53|0x00000000c3500000, 0x00000000c3500000, 0x00000000c3600000|  0%| F|  |TAMS 0x00000000c3500000, 0x00000000c3500000| Untracked 
|  54|0x00000000c3600000, 0x00000000c3600000, 0x00000000c3700000|  0%| F|  |TAMS 0x00000000c3600000, 0x00000000c3600000| Untracked 
|  55|0x00000000c3700000, 0x00000000c3700000, 0x00000000c3800000|  0%| F|  |TAMS 0x00000000c3700000, 0x00000000c3700000| Untracked 
|  56|0x00000000c3800000, 0x00000000c3800000, 0x00000000c3900000|  0%| F|  |TAMS 0x00000000c3800000, 0x00000000c3800000| Untracked 
|  57|0x00000000c3900000, 0x00000000c3900000, 0x00000000c3a00000|  0%| F|  |TAMS 0x00000000c3900000, 0x00000000c3900000| Untracked 
|  58|0x00000000c3a00000, 0x00000000c3a00000, 0x00000000c3b00000|  0%| F|  |TAMS 0x00000000c3a00000, 0x00000000c3a00000| Untracked 
|  59|0x00000000c3b00000, 0x00000000c3b00000, 0x00000000c3c00000|  0%| F|  |TAMS 0x00000000c3b00000, 0x00000000c3b00000| Untracked 
|  60|0x00000000c3c00000, 0x00000000c3c00000, 0x00000000c3d00000|  0%| F|  |TAMS 0x00000000c3c00000, 0x00000000c3c00000| Untracked 
|  61|0x00000000c3d00000, 0x00000000c3d00000, 0x00000000c3e00000|  0%| F|  |TAMS 0x00000000c3d00000, 0x00000000c3d00000| Untracked 
|  62|0x00000000c3e00000, 0x00000000c3e00000, 0x00000000c3f00000|  0%| F|  |TAMS 0x00000000c3e00000, 0x00000000c3e00000| Untracked 
|  63|0x00000000c3f00000, 0x00000000c3f00000, 0x00000000c4000000|  0%| F|  |TAMS 0x00000000c3f00000, 0x00000000c3f00000| Untracked 
|  64|0x00000000c4000000, 0x00000000c4000000, 0x00000000c4100000|  0%| F|  |TAMS 0x00000000c4000000, 0x00000000c4000000| Untracked 
|  65|0x00000000c4100000, 0x00000000c4100000, 0x00000000c4200000|  0%| F|  |TAMS 0x00000000c4100000, 0x00000000c4100000| Untracked 
|  66|0x00000000c4200000, 0x00000000c4200000, 0x00000000c4300000|  0%| F|  |TAMS 0x00000000c4200000, 0x00000000c4200000| Untracked 
|  67|0x00000000c4300000, 0x00000000c4300000, 0x00000000c4400000|  0%| F|  |TAMS 0x00000000c4300000, 0x00000000c4300000| Untracked 
|  68|0x00000000c4400000, 0x00000000c4400000, 0x00000000c4500000|  0%| F|  |TAMS 0x00000000c4400000, 0x00000000c4400000| Untracked 
|  69|0x00000000c4500000, 0x00000000c4500000, 0x00000000c4600000|  0%| F|  |TAMS 0x00000000c4500000, 0x00000000c4500000| Untracked 
|  70|0x00000000c4600000, 0x00000000c4600000, 0x00000000c4700000|  0%| F|  |TAMS 0x00000000c4600000, 0x00000000c4600000| Untracked 
|  71|0x00000000c4700000, 0x00000000c4700000, 0x00000000c4800000|  0%| F|  |TAMS 0x00000000c4700000, 0x00000000c4700000| Untracked 
|  72|0x00000000c4800000, 0x00000000c4800000, 0x00000000c4900000|  0%| F|  |TAMS 0x00000000c4800000, 0x00000000c4800000| Untracked 
|  73|0x00000000c4900000, 0x00000000c4900000, 0x00000000c4a00000|  0%| F|  |TAMS 0x00000000c4900000, 0x00000000c4900000| Untracked 
|  74|0x00000000c4a00000, 0x00000000c4a00000, 0x00000000c4b00000|  0%| F|  |TAMS 0x00000000c4a00000, 0x00000000c4a00000| Untracked 
|  75|0x00000000c4b00000, 0x00000000c4b00000, 0x00000000c4c00000|  0%| F|  |TAMS 0x00000000c4b00000, 0x00000000c4b00000| Untracked 
|  76|0x00000000c4c00000, 0x00000000c4c00000, 0x00000000c4d00000|  0%| F|  |TAMS 0x00000000c4c00000, 0x00000000c4c00000| Untracked 
|  77|0x00000000c4d00000, 0x00000000c4d00000, 0x00000000c4e00000|  0%| F|  |TAMS 0x00000000c4d00000, 0x00000000c4d00000| Untracked 
|  78|0x00000000c4e00000, 0x00000000c4e00000, 0x00000000c4f00000|  0%| F|  |TAMS 0x00000000c4e00000, 0x00000000c4e00000| Untracked 
|  79|0x00000000c4f00000, 0x00000000c4f00000, 0x00000000c5000000|  0%| F|  |TAMS 0x00000000c4f00000, 0x00000000c4f00000| Untracked 
|  80|0x00000000c5000000, 0x00000000c5000000, 0x00000000c5100000|  0%| F|  |TAMS 0x00000000c5000000, 0x00000000c5000000| Untracked 
|  81|0x00000000c5100000, 0x00000000c5100000, 0x00000000c5200000|  0%| F|  |TAMS 0x00000000c5100000, 0x00000000c5100000| Untracked 
|  82|0x00000000c5200000, 0x00000000c5200000, 0x00000000c5300000|  0%| F|  |TAMS 0x00000000c5200000, 0x00000000c5200000| Untracked 
|  83|0x00000000c5300000, 0x00000000c5300000, 0x00000000c5400000|  0%| F|  |TAMS 0x00000000c5300000, 0x00000000c5300000| Untracked 
|  84|0x00000000c5400000, 0x00000000c5400000, 0x00000000c5500000|  0%| F|  |TAMS 0x00000000c5400000, 0x00000000c5400000| Untracked 
|  85|0x00000000c5500000, 0x00000000c5500000, 0x00000000c5600000|  0%| F|  |TAMS 0x00000000c5500000, 0x00000000c5500000| Untracked 
|  86|0x00000000c5600000, 0x00000000c5600000, 0x00000000c5700000|  0%| F|  |TAMS 0x00000000c5600000, 0x00000000c5600000| Untracked 
|  87|0x00000000c5700000, 0x00000000c5700000, 0x00000000c5800000|  0%| F|  |TAMS 0x00000000c5700000, 0x00000000c5700000| Untracked 
|  88|0x00000000c5800000, 0x00000000c5800000, 0x00000000c5900000|  0%| F|  |TAMS 0x00000000c5800000, 0x00000000c5800000| Untracked 
|  89|0x00000000c5900000, 0x00000000c5900000, 0x00000000c5a00000|  0%| F|  |TAMS 0x00000000c5900000, 0x00000000c5900000| Untracked 
|  90|0x00000000c5a00000, 0x00000000c5a00000, 0x00000000c5b00000|  0%| F|  |TAMS 0x00000000c5a00000, 0x00000000c5a00000| Untracked 
|  91|0x00000000c5b00000, 0x00000000c5b00000, 0x00000000c5c00000|  0%| F|  |TAMS 0x00000000c5b00000, 0x00000000c5b00000| Untracked 
|  92|0x00000000c5c00000, 0x00000000c5c00000, 0x00000000c5d00000|  0%| F|  |TAMS 0x00000000c5c00000, 0x00000000c5c00000| Untracked 
|  93|0x00000000c5d00000, 0x00000000c5d00000, 0x00000000c5e00000|  0%| F|  |TAMS 0x00000000c5d00000, 0x00000000c5d00000| Untracked 
|  94|0x00000000c5e00000, 0x00000000c5e00000, 0x00000000c5f00000|  0%| F|  |TAMS 0x00000000c5e00000, 0x00000000c5e00000| Untracked 
|  95|0x00000000c5f00000, 0x00000000c5f00000, 0x00000000c6000000|  0%| F|  |TAMS 0x00000000c5f00000, 0x00000000c5f00000| Untracked 
|  96|0x00000000c6000000, 0x00000000c6000000, 0x00000000c6100000|  0%| F|  |TAMS 0x00000000c6000000, 0x00000000c6000000| Untracked 
|  97|0x00000000c6100000, 0x00000000c6100000, 0x00000000c6200000|  0%| F|  |TAMS 0x00000000c6100000, 0x00000000c6100000| Untracked 
|  98|0x00000000c6200000, 0x00000000c6200000, 0x00000000c6300000|  0%| F|  |TAMS 0x00000000c6200000, 0x00000000c6200000| Untracked 
|  99|0x00000000c6300000, 0x00000000c6300000, 0x00000000c6400000|  0%| F|  |TAMS 0x00000000c6300000, 0x00000000c6300000| Untracked 
| 100|0x00000000c6400000, 0x00000000c6400000, 0x00000000c6500000|  0%| F|  |TAMS 0x00000000c6400000, 0x00000000c6400000| Untracked 
| 101|0x00000000c6500000, 0x00000000c6500000, 0x00000000c6600000|  0%| F|  |TAMS 0x00000000c6500000, 0x00000000c6500000| Untracked 
| 102|0x00000000c6600000, 0x00000000c6600000, 0x00000000c6700000|  0%| F|  |TAMS 0x00000000c6600000, 0x00000000c6600000| Untracked 
| 103|0x00000000c6700000, 0x00000000c6700000, 0x00000000c6800000|  0%| F|  |TAMS 0x00000000c6700000, 0x00000000c6700000| Untracked 
| 104|0x00000000c6800000, 0x00000000c6800000, 0x00000000c6900000|  0%| F|  |TAMS 0x00000000c6800000, 0x00000000c6800000| Untracked 
| 105|0x00000000c6900000, 0x00000000c6900000, 0x00000000c6a00000|  0%| F|  |TAMS 0x00000000c6900000, 0x00000000c6900000| Untracked 
| 106|0x00000000c6a00000, 0x00000000c6a00000, 0x00000000c6b00000|  0%| F|  |TAMS 0x00000000c6a00000, 0x00000000c6a00000| Untracked 
| 107|0x00000000c6b00000, 0x00000000c6b00000, 0x00000000c6c00000|  0%| F|  |TAMS 0x00000000c6b00000, 0x00000000c6b00000| Untracked 
| 108|0x00000000c6c00000, 0x00000000c6c00000, 0x00000000c6d00000|  0%| F|  |TAMS 0x00000000c6c00000, 0x00000000c6c00000| Untracked 
| 109|0x00000000c6d00000, 0x00000000c6d00000, 0x00000000c6e00000|  0%| F|  |TAMS 0x00000000c6d00000, 0x00000000c6d00000| Untracked 
| 110|0x00000000c6e00000, 0x00000000c6e00000, 0x00000000c6f00000|  0%| F|  |TAMS 0x00000000c6e00000, 0x00000000c6e00000| Untracked 
| 111|0x00000000c6f00000, 0x00000000c6f00000, 0x00000000c7000000|  0%| F|  |TAMS 0x00000000c6f00000, 0x00000000c6f00000| Untracked 
| 112|0x00000000c7000000, 0x00000000c7000000, 0x00000000c7100000|  0%| F|  |TAMS 0x00000000c7000000, 0x00000000c7000000| Untracked 
| 113|0x00000000c7100000, 0x00000000c7100000, 0x00000000c7200000|  0%| F|  |TAMS 0x00000000c7100000, 0x00000000c7100000| Untracked 
| 114|0x00000000c7200000, 0x00000000c7200000, 0x00000000c7300000|  0%| F|  |TAMS 0x00000000c7200000, 0x00000000c7200000| Untracked 
| 115|0x00000000c7300000, 0x00000000c7300000, 0x00000000c7400000|  0%| F|  |TAMS 0x00000000c7300000, 0x00000000c7300000| Untracked 
| 116|0x00000000c7400000, 0x00000000c7407188, 0x00000000c7500000|  2%| E|  |TAMS 0x00000000c7400000, 0x00000000c7400000| Complete 

Card table byte_map: [0x000001e8d2560000,0x000001e8d2760000] _byte_map_base: 0x000001e8d1f60000

Marking Bits (Prev, Next): (CMBitMap*) 0x000001e8cc606330, (CMBitMap*) 0x000001e8cc6062f0
 Prev Bits: [0x000001e8d3960000, 0x000001e8d4960000)
 Next Bits: [0x000001e8d2960000, 0x000001e8d3960000)

Polling page: 0x000001e8ca570000

Metaspace:

Usage:
  Non-class:     51.58 MB used.
      Class:      7.38 MB used.
       Both:     58.96 MB used.

Virtual space:
  Non-class space:       64.00 MB reserved,      52.06 MB ( 81%) committed,  1 nodes.
      Class space:        1.00 GB reserved,       7.69 MB ( <1%) committed,  1 nodes.
             Both:        1.06 GB reserved,      59.75 MB (  5%) committed. 

Chunk freelists:
   Non-Class:  12.20 MB
       Class:  8.35 MB
        Both:  20.55 MB

MaxMetaspaceSize: unlimited
CompressedClassSpaceSize: 1.00 GB
Initial GC threshold: 21.00 MB
Current GC threshold: 99.62 MB
CDS: off
MetaspaceReclaimPolicy: balanced
 - commit_granule_bytes: 65536.
 - commit_granule_words: 8192.
 - virtual_space_node_default_size: 8388608.
 - enlarge_chunks_in_place: 1.
 - new_chunks_are_fully_committed: 0.
 - uncommit_free_chunks: 1.
 - use_allocation_guard: 0.
 - handle_deallocations: 1.


Internal statistics:

num_allocs_failed_limit: 6.
num_arena_births: 746.
num_arena_deaths: 244.
num_vsnodes_births: 2.
num_vsnodes_deaths: 0.
num_space_committed: 956.
num_space_uncommitted: 0.
num_chunks_returned_to_freelist: 295.
num_chunks_taken_from_freelist: 2709.
num_chunk_merges: 96.
num_chunk_splits: 1869.
num_chunks_enlarged: 1374.
num_inconsistent_stats: 0.

CodeCache: size=49152Kb used=14684Kb max_used=15870Kb free=34467Kb
 bounds [0x000001e8cf250000, 0x000001e8d01d0000, 0x000001e8d2250000]
 total_blobs=8734 nmethods=8057 adapters=604
 compilation: enabled
              stopped_count=0, restarted_count=0
 full_count=0

Compilation events (20 events):
Event: 2598.000 Thread 0x000001e8d7551440 8050       1       org.springframework.ide.vscode.commons.languageserver.util.ParentProcessWatcher::isWindows (30 bytes)
Event: 2598.011 Thread 0x000001e8d7551440 nmethod 8050 0x000001e8d0124710 code [0x000001e8d0124940, 0x000001e8d0124cc8]
Event: 2598.238 Thread 0x000001e8d7551440 8051   !   1       com.google.common.io.Closeables::close (37 bytes)
Event: 2598.311 Thread 0x000001e8d7551440 nmethod 8051 0x000001e8d0123f90 code [0x000001e8d0124180, 0x000001e8d0124528]
Event: 2773.765 Thread 0x000001e8d7551440 8052   !   1       java.lang.ProcessBuilder::start (430 bytes)
Event: 2773.789 Thread 0x000001e8d7551440 nmethod 8052 0x000001e8d0122210 code [0x000001e8d01225a0, 0x000001e8d01235a8]
Event: 2856.843 Thread 0x000001e8d7551440 8053   !   1       java.lang.ref.Reference::processPendingReferences (118 bytes)
Event: 2856.854 Thread 0x000001e8d7551440 nmethod 8053 0x000001e8d0121610 code [0x000001e8d0121860, 0x000001e8d0121eb8]
Event: 2939.328 Thread 0x000001e8d7551440 8054       1       java.lang.Runtime::getRuntime (4 bytes)
Event: 2939.331 Thread 0x000001e8d7551440 nmethod 8054 0x000001e8d0121310 code [0x000001e8d01214a0, 0x000001e8d0121558]
Event: 2949.649 Thread 0x000001e8d7551440 8055       1       org.springframework.ide.vscode.commons.languageserver.util.ParentProcessWatcher::run (36 bytes)
Event: 2949.659 Thread 0x000001e8d7551440 nmethod 8055 0x000001e8d0120b90 code [0x000001e8d0120d80, 0x000001e8d0121098]
Event: 2949.659 Thread 0x000001e8d7551440 8056   !   1       org.springframework.ide.vscode.commons.languageserver.util.ParentProcessWatcher::parentProcessStillRunning (413 bytes)
Event: 2949.688 Thread 0x000001e8d7551440 nmethod 8056 0x000001e8d011b190 code [0x000001e8d011b9c0, 0x000001e8d011eb88]
Event: 2970.446 Thread 0x000001e8d7551440 8057       1       java.util.StringTokenizer::countTokens (46 bytes)
Event: 2970.447 Thread 0x000001e8d7551440 nmethod 8057 0x000001e8d011ad90 code [0x000001e8d011af40, 0x000001e8d011b098]
Event: 3043.103 Thread 0x000001e8d7551440 8058       1       java.io.FileInputStream::<init> (59 bytes)
Event: 3043.105 Thread 0x000001e8d7551440 nmethod 8058 0x000001e8d011a490 code [0x000001e8d011a680, 0x000001e8d011ab48]
Event: 3043.105 Thread 0x000001e8d7551440 8059       1       java.lang.Process$PipeInputStream::<init> (6 bytes)
Event: 3043.105 Thread 0x000001e8d7551440 nmethod 8059 0x000001e8d011a190 code [0x000001e8d011a320, 0x000001e8d011a408]

GC Heap History (20 events):
Event: 3127.077 GC heap before
{Heap before GC invocations=153 (full 135):
 garbage-first heap   total 119808K, used 35894K [0x00000000c0000000, 0x0000000100000000)
  region size 1024K, 1 young (1024K), 0 survivors (0K)
 Metaspace       used 60378K, committed 61184K, reserved 1114112K
  class space    used 7559K, committed 7872K, reserved 1048576K
}
Event: 3127.132 GC heap after
{Heap after GC invocations=154 (full 136):
 garbage-first heap   total 119808K, used 35894K [0x00000000c0000000, 0x0000000100000000)
  region size 1024K, 0 young (0K), 0 survivors (0K)
 Metaspace       used 60378K, committed 61184K, reserved 1114112K
  class space    used 7559K, committed 7872K, reserved 1048576K
}
Event: 3137.443 GC heap before
{Heap before GC invocations=154 (full 136):
 garbage-first heap   total 119808K, used 35894K [0x00000000c0000000, 0x0000000100000000)
  region size 1024K, 1 young (1024K), 0 survivors (0K)
 Metaspace       used 60378K, committed 61184K, reserved 1114112K
  class space    used 7559K, committed 7872K, reserved 1048576K
}
Event: 3137.502 GC heap after
{Heap after GC invocations=155 (full 137):
 garbage-first heap   total 119808K, used 35894K [0x00000000c0000000, 0x0000000100000000)
  region size 1024K, 0 young (0K), 0 survivors (0K)
 Metaspace       used 60378K, committed 61184K, reserved 1114112K
  class space    used 7559K, committed 7872K, reserved 1048576K
}
Event: 3147.725 GC heap before
{Heap before GC invocations=155 (full 137):
 garbage-first heap   total 119808K, used 35894K [0x00000000c0000000, 0x0000000100000000)
  region size 1024K, 1 young (1024K), 0 survivors (0K)
 Metaspace       used 60378K, committed 61184K, reserved 1114112K
  class space    used 7559K, committed 7872K, reserved 1048576K
}
Event: 3147.791 GC heap after
{Heap after GC invocations=156 (full 138):
 garbage-first heap   total 119808K, used 35894K [0x00000000c0000000, 0x0000000100000000)
  region size 1024K, 0 young (0K), 0 survivors (0K)
 Metaspace       used 60378K, committed 61184K, reserved 1114112K
  class space    used 7559K, committed 7872K, reserved 1048576K
}
Event: 3158.088 GC heap before
{Heap before GC invocations=156 (full 138):
 garbage-first heap   total 119808K, used 35894K [0x00000000c0000000, 0x0000000100000000)
  region size 1024K, 1 young (1024K), 0 survivors (0K)
 Metaspace       used 60378K, committed 61184K, reserved 1114112K
  class space    used 7559K, committed 7872K, reserved 1048576K
}
Event: 3158.147 GC heap after
{Heap after GC invocations=157 (full 139):
 garbage-first heap   total 119808K, used 35894K [0x00000000c0000000, 0x0000000100000000)
  region size 1024K, 0 young (0K), 0 survivors (0K)
 Metaspace       used 60378K, committed 61184K, reserved 1114112K
  class space    used 7559K, committed 7872K, reserved 1048576K
}
Event: 3168.366 GC heap before
{Heap before GC invocations=157 (full 139):
 garbage-first heap   total 119808K, used 35894K [0x00000000c0000000, 0x0000000100000000)
  region size 1024K, 1 young (1024K), 0 survivors (0K)
 Metaspace       used 60378K, committed 61184K, reserved 1114112K
  class space    used 7559K, committed 7872K, reserved 1048576K
}
Event: 3168.420 GC heap after
{Heap after GC invocations=158 (full 140):
 garbage-first heap   total 119808K, used 35894K [0x00000000c0000000, 0x0000000100000000)
  region size 1024K, 0 young (0K), 0 survivors (0K)
 Metaspace       used 60378K, committed 61184K, reserved 1114112K
  class space    used 7559K, committed 7872K, reserved 1048576K
}
Event: 3178.638 GC heap before
{Heap before GC invocations=158 (full 140):
 garbage-first heap   total 119808K, used 35894K [0x00000000c0000000, 0x0000000100000000)
  region size 1024K, 1 young (1024K), 0 survivors (0K)
 Metaspace       used 60378K, committed 61184K, reserved 1114112K
  class space    used 7559K, committed 7872K, reserved 1048576K
}
Event: 3178.683 GC heap after
{Heap after GC invocations=159 (full 141):
 garbage-first heap   total 119808K, used 35894K [0x00000000c0000000, 0x0000000100000000)
  region size 1024K, 0 young (0K), 0 survivors (0K)
 Metaspace       used 60378K, committed 61184K, reserved 1114112K
  class space    used 7559K, committed 7872K, reserved 1048576K
}
Event: 3188.988 GC heap before
{Heap before GC invocations=159 (full 141):
 garbage-first heap   total 119808K, used 35894K [0x00000000c0000000, 0x0000000100000000)
  region size 1024K, 1 young (1024K), 0 survivors (0K)
 Metaspace       used 60378K, committed 61184K, reserved 1114112K
  class space    used 7559K, committed 7872K, reserved 1048576K
}
Event: 3189.035 GC heap after
{Heap after GC invocations=160 (full 142):
 garbage-first heap   total 119808K, used 35894K [0x00000000c0000000, 0x0000000100000000)
  region size 1024K, 0 young (0K), 0 survivors (0K)
 Metaspace       used 60378K, committed 61184K, reserved 1114112K
  class space    used 7559K, committed 7872K, reserved 1048576K
}
Event: 3199.401 GC heap before
{Heap before GC invocations=160 (full 142):
 garbage-first heap   total 119808K, used 35894K [0x00000000c0000000, 0x0000000100000000)
  region size 1024K, 1 young (1024K), 0 survivors (0K)
 Metaspace       used 60378K, committed 61184K, reserved 1114112K
  class space    used 7559K, committed 7872K, reserved 1048576K
}
Event: 3199.457 GC heap after
{Heap after GC invocations=161 (full 143):
 garbage-first heap   total 119808K, used 35894K [0x00000000c0000000, 0x0000000100000000)
  region size 1024K, 0 young (0K), 0 survivors (0K)
 Metaspace       used 60378K, committed 61184K, reserved 1114112K
  class space    used 7559K, committed 7872K, reserved 1048576K
}
Event: 3209.770 GC heap before
{Heap before GC invocations=161 (full 143):
 garbage-first heap   total 119808K, used 35894K [0x00000000c0000000, 0x0000000100000000)
  region size 1024K, 1 young (1024K), 0 survivors (0K)
 Metaspace       used 60378K, committed 61184K, reserved 1114112K
  class space    used 7559K, committed 7872K, reserved 1048576K
}
Event: 3209.831 GC heap after
{Heap after GC invocations=162 (full 144):
 garbage-first heap   total 119808K, used 35894K [0x00000000c0000000, 0x0000000100000000)
  region size 1024K, 0 young (0K), 0 survivors (0K)
 Metaspace       used 60378K, committed 61184K, reserved 1114112K
  class space    used 7559K, committed 7872K, reserved 1048576K
}
Event: 3220.070 GC heap before
{Heap before GC invocations=162 (full 144):
 garbage-first heap   total 119808K, used 35894K [0x00000000c0000000, 0x0000000100000000)
  region size 1024K, 1 young (1024K), 0 survivors (0K)
 Metaspace       used 60378K, committed 61184K, reserved 1114112K
  class space    used 7559K, committed 7872K, reserved 1048576K
}
Event: 3220.123 GC heap after
{Heap after GC invocations=163 (full 145):
 garbage-first heap   total 119808K, used 35894K [0x00000000c0000000, 0x0000000100000000)
  region size 1024K, 0 young (0K), 0 survivors (0K)
 Metaspace       used 60378K, committed 61184K, reserved 1114112K
  class space    used 7559K, committed 7872K, reserved 1048576K
}

Dll operation events (10 events):
Event: 0.015 Loaded shared library c:\Users\hp\.vscode\extensions\redhat.java-1.30.0-win32-x64\jre\17.0.10-win32-x86_64\bin\java.dll
Event: 0.348 Loaded shared library C:\Users\hp\.vscode\extensions\redhat.java-1.30.0-win32-x64\jre\17.0.10-win32-x86_64\bin\net.dll
Event: 0.350 Loaded shared library C:\Users\hp\.vscode\extensions\redhat.java-1.30.0-win32-x64\jre\17.0.10-win32-x86_64\bin\nio.dll
Event: 0.365 Loaded shared library C:\Users\hp\.vscode\extensions\redhat.java-1.30.0-win32-x64\jre\17.0.10-win32-x86_64\bin\zip.dll
Event: 0.945 Loaded shared library C:\Users\hp\.vscode\extensions\redhat.java-1.30.0-win32-x64\jre\17.0.10-win32-x86_64\bin\jimage.dll
Event: 2.731 Loaded shared library c:\Users\hp\.vscode\extensions\redhat.java-1.30.0-win32-x64\jre\17.0.10-win32-x86_64\bin\verify.dll
Event: 5.843 Loaded shared library C:\Users\hp\.vscode\extensions\redhat.java-1.30.0-win32-x64\jre\17.0.10-win32-x86_64\bin\management.dll
Event: 5.847 Loaded shared library C:\Users\hp\.vscode\extensions\redhat.java-1.30.0-win32-x64\jre\17.0.10-win32-x86_64\bin\management_ext.dll
Event: 8.569 Loaded shared library C:\Users\hp\.vscode\extensions\redhat.java-1.30.0-win32-x64\jre\17.0.10-win32-x86_64\bin\sunmscapi.dll
Event: 9.081 Loaded shared library C:\Users\hp\.vscode\extensions\redhat.java-1.30.0-win32-x64\jre\17.0.10-win32-x86_64\bin\extnet.dll

Deoptimization events (20 events):
Event: 6.436 Thread 0x000001e8dc758300 DEOPT PACKING pc=0x000001e8cf6ca297 sp=0x0000003ab8efec50
Event: 6.436 Thread 0x000001e8dc758300 DEOPT UNPACKING pc=0x000001e8cf2aace3 sp=0x0000003ab8efe0a8 mode 3
Event: 8.299 Thread 0x000001e8dd4634f0 DEOPT PACKING pc=0x000001e8cf976aa4 sp=0x0000003aba3ff290
Event: 8.299 Thread 0x000001e8dd4634f0 DEOPT UNPACKING pc=0x000001e8cf2aace3 sp=0x0000003aba3fe778 mode 0
Event: 8.550 Thread 0x000001e8d7686720 DEOPT PACKING pc=0x000001e8cf9d740c sp=0x0000003ab9cfe690
Event: 8.550 Thread 0x000001e8d7686720 DEOPT UNPACKING pc=0x000001e8cf2aace3 sp=0x0000003ab9cfdbf8 mode 0
Event: 8.550 Thread 0x000001e8d7686720 DEOPT PACKING pc=0x000001e8cfa7944c sp=0x0000003ab9cfe7c0
Event: 8.550 Thread 0x000001e8d7686720 DEOPT UNPACKING pc=0x000001e8cf2aace3 sp=0x0000003ab9cfdca0 mode 0
Event: 8.550 Thread 0x000001e8d7686720 DEOPT PACKING pc=0x000001e8cf9d740c sp=0x0000003ab9cfe8f0
Event: 8.550 Thread 0x000001e8d7686720 DEOPT UNPACKING pc=0x000001e8cf2aace3 sp=0x0000003ab9cfde58 mode 0
Event: 8.550 Thread 0x000001e8d7686720 DEOPT PACKING pc=0x000001e8cfa7944c sp=0x0000003ab9cfea20
Event: 8.550 Thread 0x000001e8d7686720 DEOPT UNPACKING pc=0x000001e8cf2aace3 sp=0x0000003ab9cfdf18 mode 0
Event: 8.552 Thread 0x000001e8d7686720 DEOPT PACKING pc=0x000001e8cf9d740c sp=0x0000003ab9cfed90
Event: 8.552 Thread 0x000001e8d7686720 DEOPT UNPACKING pc=0x000001e8cf2aace3 sp=0x0000003ab9cfe2f8 mode 0
Event: 8.552 Thread 0x000001e8d7686720 DEOPT PACKING pc=0x000001e8cfa7944c sp=0x0000003ab9cfeec0
Event: 8.552 Thread 0x000001e8d7686720 DEOPT UNPACKING pc=0x000001e8cf2aace3 sp=0x0000003ab9cfe3b8 mode 0
Event: 8.644 Thread 0x000001e8dd465350 DEOPT PACKING pc=0x000001e8cf3aa98c sp=0x0000003abaafaf70
Event: 8.644 Thread 0x000001e8dd465350 DEOPT UNPACKING pc=0x000001e8cf2aace3 sp=0x0000003abaafa438 mode 0
Event: 69.595 Thread 0x000001e8d769b580 DEOPT PACKING pc=0x000001e8cf7c84d4 sp=0x0000003ab8dfee80
Event: 69.595 Thread 0x000001e8d769b580 DEOPT UNPACKING pc=0x000001e8cf2aace3 sp=0x0000003ab8dfe308 mode 0

Classes unloaded (20 events):
Event: 547.067 Thread 0x000001e8d73b2920 Unloading class 0x0000000100782c00 'jdk/internal/reflect/GeneratedMethodAccessor17'
Event: 547.067 Thread 0x000001e8d73b2920 Unloading class 0x0000000100782800 'jdk/internal/reflect/GeneratedMethodAccessor16'
Event: 547.067 Thread 0x000001e8d73b2920 Unloading class 0x0000000100782400 'jdk/internal/reflect/GeneratedMethodAccessor15'
Event: 547.067 Thread 0x000001e8d73b2920 Unloading class 0x000000010057c000 'jdk/internal/reflect/GeneratedConstructorAccessor20'
Event: 547.067 Thread 0x000001e8d73b2920 Unloading class 0x00000001003aac00 'java/lang/invoke/LambdaForm$MH+0x00000001003aac00'
Event: 547.067 Thread 0x000001e8d73b2920 Unloading class 0x00000001003aa400 'java/lang/invoke/LambdaForm$MH+0x00000001003aa400'
Event: 547.067 Thread 0x000001e8d73b2920 Unloading class 0x00000001003aa000 'java/lang/invoke/LambdaForm$MH+0x00000001003aa000'
Event: 547.067 Thread 0x000001e8d73b2920 Unloading class 0x00000001003a9c00 'java/lang/invoke/LambdaForm$MH+0x00000001003a9c00'
Event: 547.067 Thread 0x000001e8d73b2920 Unloading class 0x00000001003a9400 'java/lang/invoke/LambdaForm$MH+0x00000001003a9400'
Event: 547.067 Thread 0x000001e8d73b2920 Unloading class 0x00000001003a9000 'java/lang/invoke/LambdaForm$MH+0x00000001003a9000'
Event: 547.067 Thread 0x000001e8d73b2920 Unloading class 0x000000010008e800 'java/lang/invoke/LambdaForm$MH+0x000000010008e800'
Event: 547.067 Thread 0x000001e8d73b2920 Unloading class 0x000000010008e400 'java/lang/invoke/LambdaForm$MH+0x000000010008e400'
Event: 547.067 Thread 0x000001e8d73b2920 Unloading class 0x000000010008e000 'java/lang/invoke/LambdaForm$MH+0x000000010008e000'
Event: 547.067 Thread 0x000001e8d73b2920 Unloading class 0x000000010008dc00 'java/lang/invoke/LambdaForm$MH+0x000000010008dc00'
Event: 547.067 Thread 0x000001e8d73b2920 Unloading class 0x000000010008d800 'java/lang/invoke/LambdaForm$MH+0x000000010008d800'
Event: 547.067 Thread 0x000001e8d73b2920 Unloading class 0x000000010008d400 'java/lang/invoke/LambdaForm$MH+0x000000010008d400'
Event: 547.067 Thread 0x000001e8d73b2920 Unloading class 0x000000010008cc00 'java/lang/invoke/LambdaForm$MH+0x000000010008cc00'
Event: 547.067 Thread 0x000001e8d73b2920 Unloading class 0x000000010008c800 'java/lang/invoke/LambdaForm$MH+0x000000010008c800'
Event: 547.067 Thread 0x000001e8d73b2920 Unloading class 0x000000010008c000 'java/lang/invoke/LambdaForm$MH+0x000000010008c000'
Event: 547.067 Thread 0x000001e8d73b2920 Unloading class 0x000000010008bc00 'java/lang/invoke/LambdaForm$MH+0x000000010008bc00'

Classes redefined (0 events):
No events

Internal exceptions (20 events):
Event: 416.169 Thread 0x000001e8dd45f320 Exception <a 'sun/nio/fs/WindowsException'{0x00000000c59edf58}> (0x00000000c59edf58) 
thrown [s\src\hotspot\share\prims\jni.cpp, line 516]
Event: 416.169 Thread 0x000001e8dd45f320 Exception <a 'sun/nio/fs/WindowsException'{0x00000000c59ee610}> (0x00000000c59ee610) 
thrown [s\src\hotspot\share\prims\jni.cpp, line 516]
Event: 416.169 Thread 0x000001e8dd45f320 Exception <a 'sun/nio/fs/WindowsException'{0x00000000c59ee970}> (0x00000000c59ee970) 
thrown [s\src\hotspot\share\prims\jni.cpp, line 516]
Event: 416.169 Thread 0x000001e8dd45f320 Exception <a 'sun/nio/fs/WindowsException'{0x00000000c59ef970}> (0x00000000c59ef970) 
thrown [s\src\hotspot\share\prims\jni.cpp, line 516]
Event: 416.169 Thread 0x000001e8dd45f320 Exception <a 'sun/nio/fs/WindowsException'{0x00000000c59efd20}> (0x00000000c59efd20) 
thrown [s\src\hotspot\share\prims\jni.cpp, line 516]
Event: 416.169 Thread 0x000001e8dd45f320 Exception <a 'sun/nio/fs/WindowsException'{0x00000000c59f0a48}> (0x00000000c59f0a48) 
thrown [s\src\hotspot\share\prims\jni.cpp, line 516]
Event: 416.169 Thread 0x000001e8dd45f320 Exception <a 'sun/nio/fs/WindowsException'{0x00000000c59f1100}> (0x00000000c59f1100) 
thrown [s\src\hotspot\share\prims\jni.cpp, line 516]
Event: 416.169 Thread 0x000001e8dd45f320 Exception <a 'sun/nio/fs/WindowsException'{0x00000000c59f1460}> (0x00000000c59f1460) 
thrown [s\src\hotspot\share\prims\jni.cpp, line 516]
Event: 416.169 Thread 0x000001e8dd45f320 Exception <a 'sun/nio/fs/WindowsException'{0x00000000c59f24f8}> (0x00000000c59f24f8) 
thrown [s\src\hotspot\share\prims\jni.cpp, line 516]
Event: 416.169 Thread 0x000001e8dd45f320 Exception <a 'sun/nio/fs/WindowsException'{0x00000000c59f28a8}> (0x00000000c59f28a8) 
thrown [s\src\hotspot\share\prims\jni.cpp, line 516]
Event: 416.331 Thread 0x000001e8dd45f320 Exception <a 'sun/nio/fs/WindowsException'{0x00000000c4e8f9e8}> (0x00000000c4e8f9e8) 
thrown [s\src\hotspot\share\prims\jni.cpp, line 516]
Event: 416.331 Thread 0x000001e8dd45f320 Exception <a 'sun/nio/fs/WindowsException'{0x00000000c4e90068}> (0x00000000c4e90068) 
thrown [s\src\hotspot\share\prims\jni.cpp, line 516]
Event: 416.331 Thread 0x000001e8dd45f320 Exception <a 'sun/nio/fs/WindowsException'{0x00000000c4e903b8}> (0x00000000c4e903b8) 
thrown [s\src\hotspot\share\prims\jni.cpp, line 516]
Event: 416.331 Thread 0x000001e8dd45f320 Exception <a 'sun/nio/fs/WindowsException'{0x00000000c4e91380}> (0x00000000c4e91380) 
thrown [s\src\hotspot\share\prims\jni.cpp, line 516]
Event: 416.331 Thread 0x000001e8dd45f320 Exception <a 'sun/nio/fs/WindowsException'{0x00000000c4e91710}> (0x00000000c4e91710) 
thrown [s\src\hotspot\share\prims\jni.cpp, line 516]
Event: 416.331 Thread 0x000001e8dd45f320 Exception <a 'sun/nio/fs/WindowsException'{0x00000000c4e92438}> (0x00000000c4e92438) 
thrown [s\src\hotspot\share\prims\jni.cpp, line 516]
Event: 416.331 Thread 0x000001e8dd45f320 Exception <a 'sun/nio/fs/WindowsException'{0x00000000c4e92b00}> (0x00000000c4e92b00) 
thrown [s\src\hotspot\share\prims\jni.cpp, line 516]
Event: 416.331 Thread 0x000001e8dd45f320 Exception <a 'sun/nio/fs/WindowsException'{0x00000000c4e92e60}> (0x00000000c4e92e60) 
thrown [s\src\hotspot\share\prims\jni.cpp, line 516]
Event: 416.331 Thread 0x000001e8dd45f320 Exception <a 'sun/nio/fs/WindowsException'{0x00000000c4e93e60}> (0x00000000c4e93e60) 
thrown [s\src\hotspot\share\prims\jni.cpp, line 516]
Event: 416.331 Thread 0x000001e8dd45f320 Exception <a 'sun/nio/fs/WindowsException'{0x00000000c4e94210}> (0x00000000c4e94210) 
thrown [s\src\hotspot\share\prims\jni.cpp, line 516]

VM Operations (20 events):
Event: 3127.132 Executing VM operation: G1CollectFull done
Event: 3137.443 Executing VM operation: G1CollectFull
Event: 3137.503 Executing VM operation: G1CollectFull done
Event: 3147.725 Executing VM operation: G1CollectFull
Event: 3147.791 Executing VM operation: G1CollectFull done
Event: 3158.088 Executing VM operation: G1CollectFull
Event: 3158.147 Executing VM operation: G1CollectFull done
Event: 3168.366 Executing VM operation: G1CollectFull
Event: 3168.420 Executing VM operation: G1CollectFull done
Event: 3178.638 Executing VM operation: G1CollectFull
Event: 3178.683 Executing VM operation: G1CollectFull done
Event: 3188.988 Executing VM operation: G1CollectFull
Event: 3189.035 Executing VM operation: G1CollectFull done
Event: 3199.401 Executing VM operation: G1CollectFull
Event: 3199.458 Executing VM operation: G1CollectFull done
Event: 3209.770 Executing VM operation: G1CollectFull
Event: 3209.831 Executing VM operation: G1CollectFull done
Event: 3220.070 Executing VM operation: G1CollectFull
Event: 3220.123 Executing VM operation: G1CollectFull done
Event: 3230.165 Executing VM operation: G1CollectFull

Events (20 events):
Event: 1410.275 Thread 0x000001e8dd461180 Thread exited: 0x000001e8dd461180
Event: 1410.275 Thread 0x000001e8dd4634f0 Thread exited: 0x000001e8dd4634f0
Event: 1439.186 Thread 0x000001e8dd461180 Thread added: 0x000001e8dd461180
Event: 1439.232 Thread 0x000001e8dd45dee0 Thread added: 0x000001e8dd45dee0
Event: 1442.390 Thread 0x000001e8dd464e40 Thread added: 0x000001e8dd464e40
Event: 1499.234 Thread 0x000001e8dd462ad0 Thread exited: 0x000001e8dd462ad0
Event: 1502.374 Thread 0x000001e8dd461180 Thread exited: 0x000001e8dd461180
Event: 1502.406 Thread 0x000001e8dd464e40 Thread exited: 0x000001e8dd464e40
Event: 1523.316 Thread 0x000001e8dd45fd40 Thread exited: 0x000001e8dd45fd40
Event: 1678.171 Thread 0x000001e8dd45dee0 Thread exited: 0x000001e8dd45dee0
Event: 2302.874 Thread 0x000001e8dd465350 Thread added: 0x000001e8dd465350
Event: 2452.793 Thread 0x000001e8dd45f830 Thread added: 0x000001e8dd45f830
Event: 2452.799 Thread 0x000001e8dd464e40 Thread added: 0x000001e8dd464e40
Event: 2452.832 Thread 0x000001e8dd462ad0 Thread added: 0x000001e8dd462ad0
Event: 2512.837 Thread 0x000001e8dd462ad0 Thread exited: 0x000001e8dd462ad0
Event: 2512.867 Thread 0x000001e8dd464e40 Thread exited: 0x000001e8dd464e40
Event: 2513.042 Thread 0x000001e8dd45f830 Thread exited: 0x000001e8dd45f830
Event: 2531.264 Thread 0x000001e8dd462ad0 Thread added: 0x000001e8dd462ad0
Event: 2591.337 Thread 0x000001e8dd462ad0 Thread exited: 0x000001e8dd462ad0
Event: 2622.565 Thread 0x000001e8dd465350 Thread exited: 0x000001e8dd465350


Dynamic libraries:
0x00007ff6c8aa0000 - 0x00007ff6c8aae000 	c:\Users\hp\.vscode\extensions\redhat.java-1.30.0-win32-x64\jre\17.0.10-win32-x86_64\bin\java.exe
0x00007ff9616f0000 - 0x00007ff961907000 	C:\WINDOWS\SYSTEM32\ntdll.dll
0x00007ff95fc00000 - 0x00007ff95fcc4000 	C:\WINDOWS\System32\KERNEL32.DLL
0x00007ff95ed00000 - 0x00007ff95f0a7000 	C:\WINDOWS\System32\KERNELBASE.dll
0x00007ff95ea10000 - 0x00007ff95eb21000 	C:\WINDOWS\System32\ucrtbase.dll
0x00007ff950130000 - 0x00007ff950147000 	c:\Users\hp\.vscode\extensions\redhat.java-1.30.0-win32-x64\jre\17.0.10-win32-x86_64\bin\jli.dll
0x00007ff95f5f0000 - 0x00007ff95f79e000 	C:\WINDOWS\System32\USER32.dll
0x00007ff95f1d0000 - 0x00007ff95f1f6000 	C:\WINDOWS\System32\win32u.dll
0x00007ff95f9c0000 - 0x00007ff95f9e9000 	C:\WINDOWS\System32\GDI32.dll
0x00007ff95f0b0000 - 0x00007ff95f1c9000 	C:\WINDOWS\System32\gdi32full.dll
0x00007ff95eba0000 - 0x00007ff95ec3a000 	C:\WINDOWS\System32\msvcp_win.dll
0x00007ff940f70000 - 0x00007ff940f8b000 	c:\Users\hp\.vscode\extensions\redhat.java-1.30.0-win32-x64\jre\17.0.10-win32-x86_64\bin\VCRUNTIME140.dll
0x00007ff93e8a0000 - 0x00007ff93eb33000 	C:\WINDOWS\WinSxS\amd64_microsoft.windows.common-controls_6595b64144ccf1df_6.0.22621.3527_none_270e469b73872a76\COMCTL32.dll
0x00007ff95f860000 - 0x00007ff95f907000 	C:\WINDOWS\System32\msvcrt.dll
0x00007ff9610e0000 - 0x00007ff961111000 	C:\WINDOWS\System32\IMM32.DLL
0x00007ff953660000 - 0x00007ff95366c000 	c:\Users\hp\.vscode\extensions\redhat.java-1.30.0-win32-x64\jre\17.0.10-win32-x86_64\bin\vcruntime140_1.dll
0x00007ff931b80000 - 0x00007ff931c0d000 	c:\Users\hp\.vscode\extensions\redhat.java-1.30.0-win32-x64\jre\17.0.10-win32-x86_64\bin\msvcp140.dll
0x00007ff909460000 - 0x00007ff90a0c2000 	c:\Users\hp\.vscode\extensions\redhat.java-1.30.0-win32-x64\jre\17.0.10-win32-x86_64\bin\server\jvm.dll
0x00007ff95f7a0000 - 0x00007ff95f852000 	C:\WINDOWS\System32\ADVAPI32.dll
0x00007ff95f910000 - 0x00007ff95f9b8000 	C:\WINDOWS\System32\sechost.dll
0x00007ff95f3f0000 - 0x00007ff95f418000 	C:\WINDOWS\System32\bcrypt.dll
0x00007ff95f450000 - 0x00007ff95f565000 	C:\WINDOWS\System32\RPCRT4.dll
0x00007ff95e1d0000 - 0x00007ff95e21d000 	C:\WINDOWS\SYSTEM32\POWRPROF.dll
0x00007ff95b550000 - 0x00007ff95b559000 	C:\WINDOWS\SYSTEM32\WSOCK32.dll
0x00007ff95fb20000 - 0x00007ff95fb91000 	C:\WINDOWS\System32\WS2_32.dll
0x00007ff952990000 - 0x00007ff9529c4000 	C:\WINDOWS\SYSTEM32\WINMM.dll
0x00007ff9523e0000 - 0x00007ff9523ea000 	C:\WINDOWS\SYSTEM32\VERSION.dll
0x00007ff95e180000 - 0x00007ff95e193000 	C:\WINDOWS\SYSTEM32\UMPDC.dll
0x00007ff95da00000 - 0x00007ff95da18000 	C:\WINDOWS\SYSTEM32\kernel.appcore.dll
0x00007ff953100000 - 0x00007ff95310a000 	c:\Users\hp\.vscode\extensions\redhat.java-1.30.0-win32-x64\jre\17.0.10-win32-x86_64\bin\jimage.dll
0x00007ff95c0b0000 - 0x00007ff95c2e3000 	C:\WINDOWS\SYSTEM32\DBGHELP.DLL
0x00007ff95fd00000 - 0x00007ff960088000 	C:\WINDOWS\System32\combase.dll
0x00007ff961280000 - 0x00007ff961357000 	C:\WINDOWS\System32\OLEAUT32.dll
0x00007ff936f10000 - 0x00007ff936f42000 	C:\WINDOWS\SYSTEM32\dbgcore.DLL
0x00007ff95f200000 - 0x00007ff95f279000 	C:\WINDOWS\System32\bcryptPrimitives.dll
0x00007ff940f40000 - 0x00007ff940f65000 	c:\Users\hp\.vscode\extensions\redhat.java-1.30.0-win32-x64\jre\17.0.10-win32-x86_64\bin\java.dll
0x00007ff940f20000 - 0x00007ff940f38000 	c:\Users\hp\.vscode\extensions\redhat.java-1.30.0-win32-x64\jre\17.0.10-win32-x86_64\bin\zip.dll
0x00007ff960090000 - 0x00007ff9608ec000 	C:\WINDOWS\System32\SHELL32.dll
0x00007ff95c900000 - 0x00007ff95d1f6000 	C:\WINDOWS\SYSTEM32\windows.storage.dll
0x00007ff95c7c0000 - 0x00007ff95c8fe000 	C:\WINDOWS\SYSTEM32\wintypes.dll
0x00007ff961550000 - 0x00007ff961645000 	C:\WINDOWS\System32\SHCORE.dll
0x00007ff961650000 - 0x00007ff9616ae000 	C:\WINDOWS\System32\shlwapi.dll
0x00007ff95e940000 - 0x00007ff95e961000 	C:\WINDOWS\SYSTEM32\profapi.dll
0x00007ff93efb0000 - 0x00007ff93efc9000 	C:\Users\hp\.vscode\extensions\redhat.java-1.30.0-win32-x64\jre\17.0.10-win32-x86_64\bin\net.dll
0x00007ff955590000 - 0x00007ff9556c6000 	C:\WINDOWS\SYSTEM32\WINHTTP.dll
0x00007ff95def0000 - 0x00007ff95df59000 	C:\WINDOWS\system32\mswsock.dll
0x00007ff93e160000 - 0x00007ff93e176000 	C:\Users\hp\.vscode\extensions\redhat.java-1.30.0-win32-x64\jre\17.0.10-win32-x86_64\bin\nio.dll
0x00007ff944440000 - 0x00007ff944450000 	c:\Users\hp\.vscode\extensions\redhat.java-1.30.0-win32-x64\jre\17.0.10-win32-x86_64\bin\verify.dll
0x00007ff95e1a0000 - 0x00007ff95e1bb000 	C:\WINDOWS\SYSTEM32\CRYPTSP.dll
0x00007ff95d960000 - 0x00007ff95d995000 	C:\WINDOWS\system32\rsaenh.dll
0x00007ff95e020000 - 0x00007ff95e048000 	C:\WINDOWS\SYSTEM32\USERENV.dll
0x00007ff95e1c0000 - 0x00007ff95e1cc000 	C:\WINDOWS\SYSTEM32\CRYPTBASE.dll
0x00007ff95d460000 - 0x00007ff95d48d000 	C:\WINDOWS\SYSTEM32\IPHLPAPI.DLL
0x00007ff95fcf0000 - 0x00007ff95fcf9000 	C:\WINDOWS\System32\NSI.dll
0x00007ff954820000 - 0x00007ff954839000 	C:\WINDOWS\SYSTEM32\dhcpcsvc6.DLL
0x00007ff954800000 - 0x00007ff95481f000 	C:\WINDOWS\SYSTEM32\dhcpcsvc.DLL
0x00007ff95d4d0000 - 0x00007ff95d5c9000 	C:\WINDOWS\SYSTEM32\DNSAPI.dll
0x00007ff944150000 - 0x00007ff944159000 	C:\Users\hp\.vscode\extensions\redhat.java-1.30.0-win32-x64\jre\17.0.10-win32-x86_64\bin\management.dll
0x00007ff940f00000 - 0x00007ff940f0b000 	C:\Users\hp\.vscode\extensions\redhat.java-1.30.0-win32-x64\jre\17.0.10-win32-x86_64\bin\management_ext.dll
0x00007ff95fbf0000 - 0x00007ff95fbf8000 	C:\WINDOWS\System32\PSAPI.DLL
0x00007ff944340000 - 0x00007ff94434e000 	C:\Users\hp\.vscode\extensions\redhat.java-1.30.0-win32-x64\jre\17.0.10-win32-x86_64\bin\sunmscapi.dll
0x00007ff95f280000 - 0x00007ff95f3e7000 	C:\WINDOWS\System32\CRYPT32.dll
0x00007ff95e3b0000 - 0x00007ff95e3de000 	C:\WINDOWS\SYSTEM32\ncrypt.dll
0x00007ff95e370000 - 0x00007ff95e3a7000 	C:\WINDOWS\SYSTEM32\NTASN1.dll
0x00007ff9523d0000 - 0x00007ff9523da000 	C:\Windows\System32\rasadhlp.dll
0x00007ff950190000 - 0x00007ff950213000 	C:\WINDOWS\System32\fwpuclnt.dll
0x00007ff93efa0000 - 0x00007ff93efa9000 	C:\Users\hp\.vscode\extensions\redhat.java-1.30.0-win32-x64\jre\17.0.10-win32-x86_64\bin\extnet.dll

dbghelp: loaded successfully - version: 4.0.5 - missing functions: none
symbol engine: initialized successfully - sym options: 0x614 - pdb path: .;c:\Users\hp\.vscode\extensions\redhat.java-1.30.0-win32-x64\jre\17.0.10-win32-x86_64\bin;C:\WINDOWS\SYSTEM32;C:\WINDOWS\WinSxS\amd64_microsoft.windows.common-controls_6595b64144ccf1df_6.0.22621.3527_none_270e469b73872a76;c:\Users\hp\.vscode\extensions\redhat.java-1.30.0-win32-x64\jre\17.0.10-win32-x86_64\bin\server

VM Arguments:
jvm_args: -Xmx1024m -Dsts.lsp.client=vscode -Dsts.log.file=/dev/null -XX:TieredStopAtLevel=1 -Xlog:jni+resolve=off -Dspring.config.location=file:c:\Users\hp\.vscode\extensions\vmware.vscode-spring-boot-1.54.0\language-server\BOOT-INF\classes\application.properties 
java_command: org.springframework.ide.vscode.boot.app.BootLanguageServerBootApp
java_class_path (initial): c:\Users\hp\.vscode\extensions\vmware.vscode-spring-boot-1.54.0\language-server\BOOT-INF\classes;c:\Users\hp\.vscode\extensions\vmware.vscode-spring-boot-1.54.0\language-server\BOOT-INF\lib\annotations-24.1.0.jar;c:\Users\hp\.vscode\extensions\vmware.vscode-spring-boot-1.54.0\language-server\BOOT-INF\lib\antlr4-runtime-4.13.1.jar;c:\Users\hp\.vscode\extensions\vmware.vscode-spring-boot-1.54.0\language-server\BOOT-INF\lib\asm-9.7.jar;c:\Users\hp\.vscode\extensions\vmware.vscode-spring-boot-1.54.0\language-server\BOOT-INF\lib\asm-analysis-9.7.jar;c:\Users\hp\.vscode\extensions\vmware.vscode-spring-boot-1.54.0\language-server\BOOT-INF\lib\asm-tree-9.7.jar;c:\Users\hp\.vscode\extensions\vmware.vscode-spring-boot-1.54.0\language-server\BOOT-INF\lib\asm-util-9.7.jar;c:\Users\hp\.vscode\extensions\vmware.vscode-spring-boot-1.54.0\language-server\BOOT-INF\lib\caffeine-3.1.8.jar;c:\Users\hp\.vscode\extensions\vmware.vscode-spring-boot-1.54.0\language-server\BOOT-INF\lib\checker-qual-3.12.0.jar;c:\Users\hp\.vscode\extensions\vmware.vscode-spring-boot-1.54.0\language-server\BOOT-INF\lib\classgraph-4.8.149.jar;c:\Users\hp\.vscode\extensions\vmware.vscode-spring-boot-1.54.0\language-server\BOOT-INF\lib\commons-codec-1.16.1.jar;c:\Users\hp\.vscode\extensions\vmware.vscode-spring-boot-1.54.0\language-server\BOOT-INF\lib\commons-compress-1.26.1.jar;c:\Users\hp\.vscode\extensions\vmware.vscode-spring-boot-1.54.0\language-server\BOOT-INF\lib\commons-io-2.4.jar;c:\Users\hp\.vscode\extensions\vmware.vscode-spring-boot-1.54.0\language-server\BOOT-INF\lib\commons-java-1.54.0-SNAPSHOT.jar;c:\Users\hp\.vscode\extensions\vmware.vscode-spring-boot-1.54.0\language-server\BOOT-INF\lib\commons-lang3-3.13.0.jar;c:\Users\hp\.vscode\extensions\vmware.vscode-spring-boot-1.54.0\language-server\BOOT-INF\lib\commons-language-server-1.54.0-SNAPSHOT.jar;c:\Users\hp\.vscode\extensions\vmware.vscode-spring-boot-1.54.0\language-server\BOOT-INF\lib\commons-lsp-extensions-1.54.0-
Launcher Type: SUN_STANDARD

[Global flags]
     intx CICompilerCount                          = 4                                         {product} {ergonomic}
     uint ConcGCThreads                            = 2                                         {product} {ergonomic}
     uint G1ConcRefinementThreads                  = 8                                         {product} {ergonomic}
   size_t G1HeapRegionSize                         = 1048576                                   {product} {ergonomic}
    uintx GCDrainStackTargetSize                   = 64                                        {product} {ergonomic}
   size_t InitialHeapSize                          = 130023424                                 {product} {ergonomic}
   size_t MarkStackSize                            = 4194304                                   {product} {ergonomic}
   size_t MaxHeapSize                              = 1073741824                                {product} {command line}
   size_t MaxNewSize                               = 643825664                                 {product} {ergonomic}
   size_t MinHeapDeltaBytes                        = 1048576                                   {product} {ergonomic}
   size_t MinHeapSize                              = 8388608                                   {product} {ergonomic}
    uintx NonProfiledCodeHeapSize                  = 0                                      {pd product} {ergonomic}
     bool ProfileInterpreter                       = false                                  {pd product} {command line}
    uintx ProfiledCodeHeapSize                     = 0                                      {pd product} {ergonomic}
   size_t SoftMaxHeapSize                          = 1073741824                             {manageable} {ergonomic}
     intx TieredStopAtLevel                        = 1                                         {product} {command line}
     bool UseCompressedClassPointers               = true                           {product lp64_product} {ergonomic}
     bool UseCompressedOops                        = true                           {product lp64_product} {ergonomic}
     bool UseG1GC                                  = true                                      {product} {ergonomic}
     bool UseLargePagesIndividualAllocation        = false                                  {pd product} {ergonomic}

Logging:
Log output configuration:
 #0: stdout all=warning,jni+resolve=off uptime,level,tags
 #1: stderr all=off uptime,level,tags

Environment Variables:
JAVA_HOME=C:\Program Files\Java\jdk-20
PATH=C:\Python312\Scripts\;C:\Python312\;D:\oracle\product\10.2.0\db_1\bin;C:\Program Files\Common Files\Oracle\Java\javapath;C:\WINDOWS\system32;C:\WINDOWS;C:\WINDOWS\System32\Wbem;C:\WINDOWS\System32\WindowsPowerShell\v1.0\;C:\WINDOWS\System32\OpenSSH\;C:\i686-8.1.0-release-win32-dwarf-rt_v6-rev0\mingw32\bin;C:\MinGW\bin;C:\Program Files\Java\jdk-20\bin;C:\Program Files\Git1\cmd;C:\ProgramData\chocolatey\bin;C:\Program Files\Git\cmd;C:\Program Files\nodejs\;C:\Users\hp\AppData\Local\Microsoft\WindowsApps;C:\i686-8.1.0-release-win32-dwarf-rt_v6-rev0\mingw32\bin;C:\Program Files\JetBrains\IntelliJ IDEA Community Edition 2024.1\bin;;C:\Users\hp\AppData\Local\Programs\Microsoft VS Code\bin;"C:\Users\hp\Downloads\apache-tomcat-8.5.96-windows-x64\apache-tomcat-8.5.96\bin;";C:\Users\hp\AppData\Roaming\npm
USERNAME=hp
OS=Windows_NT
PROCESSOR_IDENTIFIER=Intel64 Family 6 Model 140 Stepping 1, GenuineIntel
TMP=C:\Users\hp\AppData\Local\Temp
TEMP=C:\Users\hp\AppData\Local\Temp



Periodic native trim disabled


---------------  S Y S T E M  ---------------

OS:
 Windows 11 , 64 bit Build 22621 (10.0.22621.3527)
OS uptime: 7 days 2:35 hours
Hyper-V role detected

CPU: total 8 (initial active 8) (4 cores per cpu, 2 threads per core) family 6 model 140 stepping 1 microcode 0xb4, cx8, cmov, fxsr, ht, mmx, 3dnowpref, sse, sse2, sse3, ssse3, sse4.1, sse4.2, popcnt, lzcnt, tsc, tscinvbit, avx, avx2, aes, erms, clmul, bmi1, bmi2, adx, avx512f, avx512dq, avx512cd, avx512bw, avx512vl, sha, fma, vzeroupper, avx512_vpopcntdq, avx512_vpclmulqdq, avx512_vaes, avx512_vnni, clflush, clflushopt, clwb, avx512_vbmi2, avx512_vbmi, hv
Processor Information for processor 0
  Max Mhz: 2001, Current Mhz: 2001, Mhz Limit: 2001
Processor Information for processor 1
  Max Mhz: 2001, Current Mhz: 2001, Mhz Limit: 2001
Processor Information for processor 2
  Max Mhz: 2001, Current Mhz: 2001, Mhz Limit: 2001
Processor Information for processor 3
  Max Mhz: 2001, Current Mhz: 1200, Mhz Limit: 2001
Processor Information for processor 4
  Max Mhz: 2001, Current Mhz: 2001, Mhz Limit: 2001
Processor Information for processor 5
  Max Mhz: 2001, Current Mhz: 1200, Mhz Limit: 2001
Processor Information for processor 6
  Max Mhz: 2001, Current Mhz: 2001, Mhz Limit: 2001
Processor Information for processor 7
  Max Mhz: 2001, Current Mhz: 1200, Mhz Limit: 2001

Memory: 4k page, system-wide physical 7834M (1117M free)
TotalPageFile size 31386M (AvailPageFile size 1M)
current process WorkingSet (physical memory assigned to process): 74M, peak: 281M
current process commit charge ("private bytes"): 290M, peak: 332M

vm_info: OpenJDK 64-Bit Server VM (17.0.10+7) for windows-amd64 JRE (17.0.10+7), built on Jan 16 2024 23:25:11 by "admin" with MS VC++ 16.10 / 16.11 (VS2019)

END.
