#
# There is insufficient memory for the Java Runtime Environment to continue.
# Native memory allocation (mmap) failed to map 65536 bytes for Failed to commit metaspace.
# Possible reasons:
#   The system is out of physical RAM or swap space
#   The process is running with CompressedOops enabled, and the Java Heap may be blocking the growth of the native heap
# Possible solutions:
#   Reduce memory load on the system
#   Increase physical memory or swap space
#   Check if swap backing store is full
#   Decrease Java heap size (-Xmx/-Xms)
#   Decrease number of Java threads
#   Decrease Java thread stack sizes (-Xss)
#   Set larger code cache with -XX:ReservedCodeCacheSize=
#   JVM is running with Unscaled Compressed Oops mode in which the Java heap is
#     placed in the first 4GB address space. The Java Heap base address is the
#     maximum limit for the native heap growth. Please use -XX:HeapBaseMinAddress
#     to set the Java Heap base and to place the Java Heap above 4GB virtual address.
# This output file may be truncated or incomplete.
#
#  Out of Memory Error (virtualSpaceNode.cpp:110), pid=33288, tid=13912
#
# JRE version: OpenJDK Runtime Environment Temurin-17.0.10+7 (17.0.10+7) (build 17.0.10+7)
# Java VM: OpenJDK 64-Bit Server VM Temurin-17.0.10+7 (17.0.10+7, mixed mode, emulated-client, tiered, compressed oops, compressed class ptrs, g1 gc, windows-amd64)
# No core dump will be written. Minidumps are not enabled by default on client versions of Windows
#

---------------  S U M M A R Y ------------

Command Line: -Xmx1024m -Dsts.lsp.client=vscode -Dsts.log.file=/dev/null -XX:TieredStopAtLevel=1 -Xlog:jni+resolve=off -Dspring.config.location=file:c:\Users\hp\.vscode\extensions\vmware.vscode-spring-boot-1.54.0\language-server\BOOT-INF\classes\application.properties org.springframework.ide.vscode.boot.app.BootLanguageServerBootApp

Host: 11th Gen Intel(R) Core(TM) i3-1125G4 @ 2.00GHz, 8 cores, 7G,  Windows 11 , 64 bit Build 22621 (10.0.22621.3527)
Time: Wed May 15 16:57:22 2024 India Standard Time elapsed time: 0.617757 seconds (0d 0h 0m 0s)

---------------  T H R E A D  ---------------

Current thread (0x000001ed0df47ec0):  JavaThread "main" [_thread_in_vm, id=13912, stack(0x000000bc20800000,0x000000bc20900000)]

Stack: [0x000000bc20800000,0x000000bc20900000]
Native frames: (J=compiled Java code, j=interpreted, Vv=VM code, C=native code)
V  [jvm.dll+0x67d2c9]
V  [jvm.dll+0x834afa]
V  [jvm.dll+0x8365be]
V  [jvm.dll+0x836c23]
V  [jvm.dll+0x2477ff]
V  [jvm.dll+0x8307bb]
V  [jvm.dll+0x621d16]
V  [jvm.dll+0x1c183e]
V  [jvm.dll+0x624671]
V  [jvm.dll+0x6226b6]
V  [jvm.dll+0x23d160]
V  [jvm.dll+0x1ec25b]
V  [jvm.dll+0x1e1c01]
V  [jvm.dll+0x5427ce]
V  [jvm.dll+0x7aeb88]
V  [jvm.dll+0x7aec74]
V  [jvm.dll+0x4108f5]
V  [jvm.dll+0x416a79]
C  [java.dll+0x17ec]

Java frames: (J=compiled Java code, j=interpreted, Vv=VM code)
J 845  java.lang.ClassLoader.defineClass1(Ljava/lang/ClassLoader;Ljava/lang/String;[BIILjava/security/ProtectionDomain;Ljava/lang/String;)Ljava/lang/Class; java.base@17.0.10 (0 bytes) @ 0x000001ed1270b6db [0x000001ed1270b620+0x00000000000000bb]
J 841 c1 java.lang.ClassLoader.defineClass(Ljava/lang/String;[BIILjava/security/ProtectionDomain;)Ljava/lang/Class; java.base@17.0.10 (43 bytes) @ 0x000001ed1270d45c [0x000001ed1270d360+0x00000000000000fc]
J 748 c1 jdk.internal.loader.BuiltinClassLoader.defineClass(Ljava/lang/String;Ljdk/internal/loader/Resource;)Ljava/lang/Class; java.base@17.0.10 (121 bytes) @ 0x000001ed126e7d44 [0x000001ed126e78a0+0x00000000000004a4]
J 747 c1 jdk.internal.loader.BuiltinClassLoader.findClassOnClassPathOrNull(Ljava/lang/String;)Ljava/lang/Class; java.base@17.0.10 (64 bytes) @ 0x000001ed126e8cc4 [0x000001ed126e8a20+0x00000000000002a4]
J 666 c1 jdk.internal.loader.BuiltinClassLoader.loadClassOrNull(Ljava/lang/String;Z)Ljava/lang/Class; java.base@17.0.10 (143 bytes) @ 0x000001ed126c2444 [0x000001ed126c2000+0x0000000000000444]
J 730 c1 jdk.internal.loader.ClassLoaders$AppClassLoader.loadClass(Ljava/lang/String;Z)Ljava/lang/Class; java.base@17.0.10 (40 bytes) @ 0x000001ed126df7a4 [0x000001ed126df660+0x0000000000000144]
J 729 c1 java.lang.ClassLoader.loadClass(Ljava/lang/String;)Ljava/lang/Class; java.base@17.0.10 (7 bytes) @ 0x000001ed126def64 [0x000001ed126def20+0x0000000000000044]
v  ~StubRoutines::call_stub
j  ch.qos.logback.classic.joran.ModelClassToModelHandlerLinker.link(Lch/qos/logback/core/model/processor/DefaultProcessor;)V+84
j  ch.qos.logback.classic.joran.JoranConfigurator.addModelHandlerAssociations(Lch/qos/logback/core/model/processor/DefaultProcessor;)V+23
j  ch.qos.logback.core.joran.GenericXMLConfigurator.processModel(Lch/qos/logback/core/model/Model;)V+38
j  ch.qos.logback.core.joran.GenericXMLConfigurator.doConfigure(Lorg/xml/sax/InputSource;)V+80
j  ch.qos.logback.core.joran.GenericXMLConfigurator.doConfigure(Ljava/io/InputStream;Ljava/lang/String;)V+16
j  ch.qos.logback.core.joran.GenericXMLConfigurator.doConfigure(Ljava/net/URL;)V+31
j  ch.qos.logback.classic.util.DefaultJoranConfigurator.configureByResource(Ljava/net/URL;)V+46
j  ch.qos.logback.classic.util.DefaultJoranConfigurator.configure(Lch/qos/logback/classic/LoggerContext;)Lch/qos/logback/classic/spi/Configurator$ExecutionStatus;+12
j  ch.qos.logback.classic.util.ContextInitializer.invokeConfigure(Lch/qos/logback/classic/spi/Configurator;)Lch/qos/logback/classic/spi/Configurator$ExecutionStatus;+42
j  ch.qos.logback.classic.util.ContextInitializer.autoConfig(Ljava/lang/ClassLoader;)V+207
j  ch.qos.logback.classic.util.ContextInitializer.autoConfig()V+6
j  ch.qos.logback.classic.spi.LogbackServiceProvider.initializeLoggerContext()V+11
j  ch.qos.logback.classic.spi.LogbackServiceProvider.initialize()V+21
j  org.slf4j.LoggerFactory.bind()V+37
j  org.slf4j.LoggerFactory.performInitialization()V+0
j  org.slf4j.LoggerFactory.getProvider()Lorg/slf4j/spi/SLF4JServiceProvider;+21
j  org.slf4j.LoggerFactory.getILoggerFactory()Lorg/slf4j/ILoggerFactory;+0
j  org.slf4j.LoggerFactory.getLogger(Ljava/lang/String;)Lorg/slf4j/Logger;+0
j  reactor.util.Loggers$Slf4JLoggerFactory.apply(Ljava/lang/String;)Lreactor/util/Logger;+5
j  reactor.util.Loggers$Slf4JLoggerFactory.apply(Ljava/lang/Object;)Ljava/lang/Object;+5
j  reactor.util.Loggers.useSl4jLoggers()V+21
j  reactor.util.Loggers.resetLoggerFactory()V+0
j  reactor.util.Loggers.<clinit>()V+0
v  ~StubRoutines::call_stub
j  reactor.core.publisher.Hooks.<clinit>()V+19
v  ~StubRoutines::call_stub
j  org.springframework.ide.vscode.boot.app.BootLanguageServerBootApp.main([Ljava/lang/String;)V+0
v  ~StubRoutines::call_stub

Compiled method (n/a)     630  845     n 0       java.lang.ClassLoader::defineClass1 (native)
 total in heap  [0x000001ed1270b490,0x000001ed1270b968] = 1240
 relocation     [0x000001ed1270b5e8,0x000001ed1270b620] = 56
 main code      [0x000001ed1270b620,0x000001ed1270b968] = 840

[Constant Pool (empty)]

[MachCode]
[Entry Point]
  # {method} {0x000001ed1b01de78} 'defineClass1' '(Ljava/lang/ClassLoader;Ljava/lang/String;[BIILjava/security/ProtectionDomain;Ljava/lang/String;)Ljava/lang/Class;' in 'java/lang/ClassLoader'
  # parm0:    rdx:rdx   = 'java/lang/ClassLoader'
  # parm1:    r8:r8     = 'java/lang/String'
  # parm2:    r9:r9     = '[B'
  # parm3:    rdi       = int
  # parm4:    rsi       = int
  # parm5:    rcx:rcx   = 'java/security/ProtectionDomain'
  # parm6:    [sp+0xa0]   = 'java/lang/String'  (sp of caller)
  0x000001ed1270b620: 448b 5208 | 49c1 e203 | 493b c20f | 8407 0000 

  0x000001ed1270b630: ;   {runtime_call ic_miss_stub}
  0x000001ed1270b630: 00e9 4a5f | ceff 6690 
[Verified Entry Point]
  0x000001ed1270b638: 8984 2400 | 90ff ff55 | 488b ec48 | 81ec 9000 | 0000 4881 | 7d10 0000 | 0000 488d | 4510 480f 
  0x000001ed1270b658: 4445 1048 | 8944 2440 | 4889 4c24 | 7048 83f9 | 0048 8d44 | 2470 480f | 4444 2470 | 4889 4424 
  0x000001ed1270b678: 3848 8974 | 2430 4889 | 7c24 284c | 894c 2458 | 4983 f900 | 488d 4424 | 5848 0f44 | 4424 5848 
  0x000001ed1270b698: 8944 2420 | 4c89 4424 | 5049 83f8 | 004c 8d4c | 2450 4c0f | 444c 2450 | 4889 5424 | 4848 83fa 
  0x000001ed1270b6b8: 004c 8d44 | 2448 4c0f | 4444 2448 

  0x000001ed1270b6c4: ;   {oop(a 'java/lang/Class'{0x00000000c0be3328} = 'java/lang/ClassLoader')}
  0x000001ed1270b6c4: 49be 2833 | bec0 0000 | 0000 4c89 | 7424 784c | 8d74 2478 | 498b d6c5 

  0x000001ed1270b6dc: ;   {internal_word}
  0x000001ed1270b6dc: f877 49ba | dbb6 7012 | ed01 0000 | 4d89 97a0 | 0200 0049 | 89a7 9802 

  0x000001ed1270b6f4: ;   {external_word}
  0x000001ed1270b6f4: 0000 49ba | 7935 fe09 | f97f 0000 | 4180 3a00 | 0f84 5200 | 0000 5241 

  0x000001ed1270b70c: ;   {metadata({method} {0x000001ed1b01de78} 'defineClass1' '(Ljava/lang/ClassLoader;Ljava/lang/String;[BIILjava/security/ProtectionDomain;Ljava/lang/String;)Ljava/lang/Class;' in 'java/lang/ClassLoader')}
  0x000001ed1270b70c: 5041 5148 | ba70 de01 | 1bed 0100 | 0049 8bcf | 4883 ec20 | f7c4 0f00 | 0000 0f84 | 1a00 0000 
  0x000001ed1270b72c: 4883 ec08 

  0x000001ed1270b730: ;   {runtime_call}
  0x000001ed1270b730: 49ba 0030 | b409 f97f | 0000 41ff | d248 83c4 | 08e9 0d00 

  0x000001ed1270b744: ;   {runtime_call}
  0x000001ed1270b744: 0000 49ba | 0030 b409 | f97f 0000 | 41ff d248 | 83c4 2041 | 5941 585a | 498d 8fb8 | 0200 0041 
  0x000001ed1270b764: c787 4803 | 0000 0400 

  0x000001ed1270b76c: ;   {runtime_call}
  0x000001ed1270b76c: 0000 49ba | ac16 f440 | f97f 0000 | 41ff d2c5 | f877 41c7 | 8748 0300 | 0005 0000 | 00f0 8344 
  0x000001ed1270b78c: 24c0 0049 | 3baf 5003 | 0000 0f87 | 1100 0000 | 4181 bf38 | 0300 0000 | 0000 000f | 842c 0000 
  0x000001ed1270b7ac: 00c5 f877 | 4889 45f8 | 498b cf4c | 8be4 4883 | ec20 4883 

  0x000001ed1270b7c0: ;   {runtime_call}
  0x000001ed1270b7c0: e4f0 49ba | 7044 c409 | f97f 0000 | 41ff d249 | 8be4 4d33 | e448 8b45 | f841 c787 | 4803 0000 
  0x000001ed1270b7e0: 0800 0000 | 4181 bfb8 | 0300 0002 | 0000 000f | 843f 0100 

  0x000001ed1270b7f4: ;   {external_word}
  0x000001ed1270b7f4: 0049 ba79 | 35fe 09f9 | 7f00 0041 | 803a 000f | 8450 0000 | 0048 8945 

  0x000001ed1270b80c: ;   {metadata({method} {0x000001ed1b01de78} 'defineClass1' '(Ljava/lang/ClassLoader;Ljava/lang/String;[BIILjava/security/ProtectionDomain;Ljava/lang/String;)Ljava/lang/Class;' in 'java/lang/ClassLoader')}
  0x000001ed1270b80c: f848 ba70 | de01 1bed | 0100 0049 | 8bcf 4883 | ec20 f7c4 | 0f00 0000 | 0f84 1a00 | 0000 4883 
  0x000001ed1270b82c: ;   {runtime_call}
  0x000001ed1270b82c: ec08 49ba | 0030 b409 | f97f 0000 | 41ff d248 | 83c4 08e9 | 0d00 0000 

  0x000001ed1270b844: ;   {runtime_call}
  0x000001ed1270b844: 49ba 0030 | b409 f97f | 0000 41ff | d248 83c4 | 2048 8b45 | f849 c787 | 9802 0000 | 0000 0000 
  0x000001ed1270b864: 49c7 87a0 | 0200 0000 | 0000 00c5 | f877 4885 | c00f 8493 | 0000 0048 | f7c0 0100 | 0000 0f84 
  0x000001ed1270b884: 8300 0000 | 488b 40ff | 4180 7f38 | 000f 846f | 0000 0048 | 83f8 000f | 8465 0000 | 0049 8b4f 
  0x000001ed1270b8a4: 2048 83f9 | 000f 8414 | 0000 0048 | 83e9 0849 | 894f 2049 | 034f 3048 | 8901 e943 | 0000 0050 
  0x000001ed1270b8c4: 498b d748 | 8bc8 4883 | ec20 f7c4 | 0f00 0000 | 0f84 1a00 | 0000 4883 

  0x000001ed1270b8dc: ;   {runtime_call}
  0x000001ed1270b8dc: ec08 49ba | 6048 7309 | f97f 0000 | 41ff d248 | 83c4 08e9 | 0d00 0000 

  0x000001ed1270b8f4: ;   {runtime_call}
  0x000001ed1270b8f4: 49ba 6048 | 7309 f97f | 0000 41ff | d248 83c4 | 2058 e903 | 0000 0048 | 8b00 498b | 8fd8 0000 
  0x000001ed1270b914: 00c7 8100 | 0100 0000 | 0000 00c9 | 4981 7f08 | 0000 0000 | 0f85 0100 

  0x000001ed1270b92c: ;   {runtime_call StubRoutines (1)}
  0x000001ed1270b92c: 0000 c3e9 | cc55 c9ff | c5f8 7748 | 8945 f84c | 8be4 4883 | ec20 4883 

  0x000001ed1270b944: ;   {runtime_call}
  0x000001ed1270b944: e4f0 49ba | 8060 b409 | f97f 0000 | 41ff d249 | 8be4 4d33 | e448 8b45 | f8e9 93fe | ffff f4f4 
  0x000001ed1270b964: f4f4 f4f4 
[/MachCode]


Compiled method (c1)     637  841       1       java.lang.ClassLoader::defineClass (43 bytes)
 total in heap  [0x000001ed1270d190,0x000001ed1270d730] = 1440
 relocation     [0x000001ed1270d2e8,0x000001ed1270d348] = 96
 main code      [0x000001ed1270d360,0x000001ed1270d500] = 416
 stub code      [0x000001ed1270d500,0x000001ed1270d578] = 120
 metadata       [0x000001ed1270d578,0x000001ed1270d5a8] = 48
 scopes data    [0x000001ed1270d5a8,0x000001ed1270d660] = 184
 scopes pcs     [0x000001ed1270d660,0x000001ed1270d700] = 160
 dependencies   [0x000001ed1270d700,0x000001ed1270d708] = 8
 nul chk table  [0x000001ed1270d708,0x000001ed1270d730] = 40

[Constant Pool (empty)]

[MachCode]
[Entry Point]
  # {method} {0x000001ed1b01dce8} 'defineClass' '(Ljava/lang/String;[BIILjava/security/ProtectionDomain;)Ljava/lang/Class;' in 'java/lang/ClassLoader'
  # this:     rdx:rdx   = 'java/lang/ClassLoader'
  # parm0:    r8:r8     = 'java/lang/String'
  # parm1:    r9:r9     = '[B'
  # parm2:    rdi       = int
  # parm3:    rsi       = int
  # parm4:    rcx:rcx   = 'java/security/ProtectionDomain'
  #           [sp+0xc0]  (sp of caller)
  0x000001ed1270d360: 448b 5208 | 49c1 e203 

  0x000001ed1270d368: ;   {runtime_call ic_miss_stub}
  0x000001ed1270d368: 4c3b d00f | 850f 42ce | ff66 6666 | 0f1f 8400 | 0000 0000 | 6666 6690 
[Verified Entry Point]
  0x000001ed1270d380: 8984 2400 | 90ff ff55 | 4881 ecb0 | 0000 0048 | 8954 2478 | 89b4 2494 | 0000 0089 | bc24 9000 
  0x000001ed1270d3a0: 0000 4c89 | 8c24 8800 | 0000 498b | d84c 8bc3 | 4c8b c948 | 8bca 488b | d148 899c | 2480 0000 
  0x000001ed1270d3c0: 0066 0f1f 

  0x000001ed1270d3c4: ;   {optimized virtual_call}
  0x000001ed1270d3c4: 4400 00e8 

  0x000001ed1270d3c8: ; ImmutableOopMap {[120]=Oop [136]=Oop [128]=Oop }
                      ;*invokevirtual preDefineClass {reexecute=0 rethrow=0 return_oop=0}
                      ; - java.lang.ClassLoader::defineClass@4
  0x000001ed1270d3c8: f420 0000 | 4889 8424 | 9800 0000 

  0x000001ed1270d3d4: ; implicit exception: dispatches to 0x000001ed1270d49a
  0x000001ed1270d3d4: 448b 4010 | 4983 f800 | 0f85 0f00 

  0x000001ed1270d3e0: ;   {oop(NULL)}
  0x000001ed1270d3e0: 0000 48bb | 0000 0000 | 0000 0000 | e936 0000 | 0045 8b40 | 0c49 83f8 | 000f 850f 

  0x000001ed1270d3fc: ;   {oop(NULL)}
  0x000001ed1270d3fc: 0000 0048 | bb00 0000 | 0000 0000 | 00e9 1900 | 0000 418b | 5038 483b 

  0x000001ed1270d414: ;   {optimized virtual_call}
  0x000001ed1270d414: 0266 90e8 

  0x000001ed1270d418: ; ImmutableOopMap {[120]=Oop [136]=Oop [128]=Oop [152]=Oop }
                      ;*invokevirtual toExternalForm {reexecute=0 rethrow=0 return_oop=0}
                      ; - java.net.URL::toExternalForm@5
                      ; - java.net.URL::toString@1
                      ; - java.lang.ClassLoader::defineClassSourceLocation@22
                      ; - java.lang.ClassLoader::defineClass@12
  0x000001ed1270d418: 84c2 f5ff | 488b d848 | 8b84 2498 | 0000 008b | b424 9400 | 0000 8bbc | 2490 0000 | 004c 8b8c 
  0x000001ed1270d438: 2488 0000 | 004c 8b84 | 2480 0000 | 0048 8b54 | 2478 4c8b | da49 8bd3 | 488b c848 

  0x000001ed1270d454: ;   {static_call}
  0x000001ed1270d454: 891c 24e8 

  0x000001ed1270d458: ; ImmutableOopMap {[152]=Oop [120]=Oop }
                      ;*invokestatic defineClass1 {reexecute=0 rethrow=0 return_oop=0}
                      ; - java.lang.ClassLoader::defineClass@27
  0x000001ed1270d458: dce1 ffff | 4c8b c04c | 8b8c 2498 | 0000 0048 | 8b54 2478 | 4889 8424 | a000 0000 

  0x000001ed1270d474: ;   {optimized virtual_call}
  0x000001ed1270d474: 6666 90e8 

  0x000001ed1270d478: ; ImmutableOopMap {[160]=Oop }
                      ;*invokevirtual postDefineClass {reexecute=0 rethrow=0 return_oop=0}
                      ; - java.lang.ClassLoader::defineClass@37
  0x000001ed1270d478: 0409 0000 | 488b 8424 | a000 0000 | 4881 c4b0 | 0000 005d 

  0x000001ed1270d48c: ;   {poll_return}
  0x000001ed1270d48c: 493b a750 | 0300 000f | 8715 0000 

  0x000001ed1270d498: ;   {runtime_call throw_null_pointer_exception Runtime1 stub}
  0x000001ed1270d498: 00c3 e881 

  0x000001ed1270d49c: ; ImmutableOopMap {[120]=Oop [136]=Oop [128]=Oop rax=Oop [152]=Oop }
                      ;*invokevirtual getCodeSource {reexecute=0 rethrow=0 return_oop=0}
                      ; - java.lang.ClassLoader::defineClassSourceLocation@1
                      ; - java.lang.ClassLoader::defineClass@12
                      ;   {runtime_call throw_null_pointer_exception Runtime1 stub}
  0x000001ed1270d49c: 76d8 ffe8 

  0x000001ed1270d4a0: ; ImmutableOopMap {[120]=Oop [136]=Oop [128]=Oop rax=Oop [152]=Oop }
                      ;*invokevirtual getLocation {reexecute=0 rethrow=0 return_oop=0}
                      ; - java.lang.ClassLoader::defineClassSourceLocation@12
                      ; - java.lang.ClassLoader::defineClass@12
  0x000001ed1270d4a0: 7c76 d8ff 

  0x000001ed1270d4a4: ;   {runtime_call throw_null_pointer_exception Runtime1 stub}
  0x000001ed1270d4a4: e877 76d8 

  0x000001ed1270d4a8: ; ImmutableOopMap {[120]=Oop [136]=Oop [128]=Oop [152]=Oop r8=Oop }
                      ;*invokevirtual toString {reexecute=0 rethrow=0 return_oop=0}
                      ; - java.lang.ClassLoader::defineClassSourceLocation@22
                      ; - java.lang.ClassLoader::defineClass@12
                      ;   {runtime_call throw_null_pointer_exception Runtime1 stub}
  0x000001ed1270d4a8: ffe8 7276 

  0x000001ed1270d4ac: ; ImmutableOopMap {[120]=Oop [136]=Oop [128]=Oop [152]=Oop r8=Oop rdx=Oop }
                      ;*invokevirtual toExternalForm {reexecute=0 rethrow=0 return_oop=0}
                      ; - java.net.URL::toExternalForm@5
                      ; - java.net.URL::toString@1
                      ; - java.lang.ClassLoader::defineClassSourceLocation@22
                      ; - java.lang.ClassLoader::defineClass@12
                      ;   {internal_word}
  0x000001ed1270d4ac: d8ff 49ba | 8cd4 7012 | ed01 0000 | 4d89 9768 

  0x000001ed1270d4bc: ;   {runtime_call SafepointBlob}
  0x000001ed1270d4bc: 0300 00e9 | bcba ceff | 9090 498b | 87e0 0300 | 0049 c787 | e003 0000 | 0000 0000 | 49c7 87e8 
  0x000001ed1270d4dc: 0300 0000 | 0000 0048 | 81c4 b000 

  0x000001ed1270d4e8: ;   {runtime_call unwind_exception Runtime1 stub}
  0x000001ed1270d4e8: 0000 5de9 | 105e d8ff | f4f4 f4f4 | f4f4 f4f4 | f4f4 f4f4 | f4f4 f4f4 
[Stub Code]
  0x000001ed1270d500: ;   {no_reloc}
  0x000001ed1270d500: 0f1f 4400 

  0x000001ed1270d504: ;   {static_stub}
  0x000001ed1270d504: 0048 bb00 | 0000 0000 

  0x000001ed1270d50c: ;   {runtime_call}
  0x000001ed1270d50c: 0000 00e9 | fbff ffff 

  0x000001ed1270d514: ;   {static_stub}
  0x000001ed1270d514: 9048 bb00 | 0000 0000 

  0x000001ed1270d51c: ;   {runtime_call}
  0x000001ed1270d51c: 0000 00e9 | fbff ffff 

  0x000001ed1270d524: ;   {static_stub}
  0x000001ed1270d524: 9048 bb00 | 0000 0000 

  0x000001ed1270d52c: ;   {runtime_call}
  0x000001ed1270d52c: 0000 00e9 | fbff ffff 

  0x000001ed1270d534: ;   {static_stub}
  0x000001ed1270d534: 9048 bb00 | 0000 0000 

  0x000001ed1270d53c: ;   {runtime_call}
  0x000001ed1270d53c: 0000 00e9 | fbff ffff 
[Exception Handler]
  0x000001ed1270d544: ;   {runtime_call handle_exception_from_callee Runtime1 stub}
  0x000001ed1270d544: e8b7 9bd8 

  0x000001ed1270d548: ;   {external_word}
  0x000001ed1270d548: ff48 b940 | 9ad8 09f9 | 7f00 0048 

  0x000001ed1270d554: ;   {runtime_call}
  0x000001ed1270d554: 83e4 f049 | ba60 2da1 | 09f9 7f00 | 0041 ffd2 

  0x000001ed1270d564: ;   {section_word}
  0x000001ed1270d564: f449 ba65 | d570 12ed | 0100 0041 

  0x000001ed1270d570: ;   {runtime_call DeoptimizationBlob}
  0x000001ed1270d570: 52e9 aace | ceff f4f4 
[/MachCode]


Compiled method (c1)     641  748       1       jdk.internal.loader.BuiltinClassLoader::defineClass (121 bytes)
 total in heap  [0x000001ed126e7610,0x000001ed126e8468] = 3672
 relocation     [0x000001ed126e7768,0x000001ed126e7898] = 304
 main code      [0x000001ed126e78a0,0x000001ed126e7ea0] = 1536
 stub code      [0x000001ed126e7ea0,0x000001ed126e7fe8] = 328
 metadata       [0x000001ed126e7fe8,0x000001ed126e8030] = 72
 scopes data    [0x000001ed126e8030,0x000001ed126e8288] = 600
 scopes pcs     [0x000001ed126e8288,0x000001ed126e8428] = 416
 dependencies   [0x000001ed126e8428,0x000001ed126e8430] = 8
 handler table  [0x000001ed126e8430,0x000001ed126e8448] = 24
 nul chk table  [0x000001ed126e8448,0x000001ed126e8468] = 32

[Constant Pool (empty)]

[MachCode]
[Entry Point]
  # {method} {0x000001ed1b0c0980} 'defineClass' '(Ljava/lang/String;Ljdk/internal/loader/Resource;)Ljava/lang/Class;' in 'jdk/internal/loader/BuiltinClassLoader'
  # this:     rdx:rdx   = 'jdk/internal/loader/BuiltinClassLoader'
  # parm0:    r8:r8     = 'java/lang/String'
  # parm1:    r9:r9     = 'jdk/internal/loader/Resource'
  #           [sp+0x110]  (sp of caller)
  0x000001ed126e78a0: 448b 5208 | 49c1 e203 

  0x000001ed126e78a8: ;   {runtime_call ic_miss_stub}
  0x000001ed126e78a8: 4c3b d00f | 85cf 9cd0 | ff66 6666 | 0f1f 8400 | 0000 0000 | 6666 6690 
[Verified Entry Point]
  0x000001ed126e78c0: 8984 2400 | 90ff ff55 | 4881 ec00 | 0100 0048 | 8994 24a0 | 0000 004c | 8984 2490 | 0000 004c 
  0x000001ed126e78e0: 898c 2498 | 0000 0049 | 8bd1 6666 | 9048 b890 | 2001 0001 

  0x000001ed126e78f4: ;   {virtual_call}
  0x000001ed126e78f4: 0000 00e8 

  0x000001ed126e78f8: ; ImmutableOopMap {[152]=Oop [160]=Oop [144]=Oop }
                      ;*invokevirtual getCodeSourceURL {reexecute=0 rethrow=0 return_oop=0}
                      ; - jdk.internal.loader.BuiltinClassLoader::defineClass@1
  0x000001ed126e78f8: 24de 0000 | 4889 8424 | a800 0000 | 4c8b 8424 | 9000 0000 

  0x000001ed126e790c: ; implicit exception: dispatches to 0x000001ed126e7da3
  0x000001ed126e790c: 418b 7014 

  0x000001ed126e7910: ; implicit exception: dispatches to 0x000001ed126e7da8
  0x000001ed126e7910: 8b56 0c45 | 0fbe 4810 | 498b c9c1 | e118 c1f9 | 18d3 fa48 | 8bfa ffcf | 4183 f900 | ba00 0000 
  0x000001ed126e7930: 000f 8505 | 0000 00ba | 0100 0000 | 83e2 0183 | fa00 488b | d641 b82e | 0000 004c | 8bcf 0f84 
  0x000001ed126e7950: 0d00 0000 

  0x000001ed126e7954: ;   {static_call}
  0x000001ed126e7954: 6666 90e8 

  0x000001ed126e7958: ; ImmutableOopMap {[152]=Oop [160]=Oop [168]=Oop [144]=Oop }
                      ;*invokestatic lastIndexOf {reexecute=0 rethrow=0 return_oop=0}
                      ; - java.lang.String::lastIndexOf@13
                      ; - java.lang.String::lastIndexOf@8
                      ; - jdk.internal.loader.BuiltinClassLoader::defineClass@8
  0x000001ed126e7958: 440d dcff | e90b 0000 | 0066 0f1f 

  0x000001ed126e7964: ;   {static_call}
  0x000001ed126e7964: 4400 00e8 

  0x000001ed126e7968: ; ImmutableOopMap {[152]=Oop [160]=Oop [168]=Oop [144]=Oop }
                      ;*invokestatic lastIndexOf {reexecute=0 rethrow=0 return_oop=0}
                      ; - java.lang.String::lastIndexOf@25
                      ; - java.lang.String::lastIndexOf@8
                      ; - jdk.internal.loader.BuiltinClassLoader::defineClass@8
  0x000001ed126e7968: 94ac d0ff | 83f8 ff0f | 8467 0000 | 0041 b800 | 0000 004c | 8bc8 488b | 9424 9000 

  0x000001ed126e7984: ;   {optimized virtual_call}
  0x000001ed126e7984: 0000 90e8 

  0x000001ed126e7988: ; ImmutableOopMap {[152]=Oop [160]=Oop [168]=Oop [144]=Oop }
                      ;*invokevirtual substring {reexecute=0 rethrow=0 return_oop=0}
                      ; - jdk.internal.loader.BuiltinClassLoader::defineClass@23
  0x000001ed126e7988: f410 f0ff | 488b 9424 | 9800 0000 | 4889 8424 | b000 0000 | 9048 b890 | 2001 0001 

  0x000001ed126e79a4: ;   {virtual_call}
  0x000001ed126e79a4: 0000 00e8 

  0x000001ed126e79a8: ; ImmutableOopMap {[152]=Oop [160]=Oop [168]=Oop [144]=Oop [176]=Oop }
                      ;*invokevirtual getManifest {reexecute=0 rethrow=0 return_oop=0}
                      ; - jdk.internal.loader.BuiltinClassLoader::defineClass@29
  0x000001ed126e79a8: d4e0 0000 | 4c8b 8424 | b000 0000 | 4c8b c848 | 8bbc 24a8 | 0000 0048 | 8b94 24a0 | 0000 0066 
  0x000001ed126e79c8: 0f1f 4400 | 0048 b8f0 | 1405 0001 

  0x000001ed126e79d4: ;   {virtual_call}
  0x000001ed126e79d4: 0000 00e8 

  0x000001ed126e79d8: ; ImmutableOopMap {[152]=Oop [160]=Oop [168]=Oop [144]=Oop }
                      ;*invokevirtual defineOrCheckPackage {reexecute=0 rethrow=0 return_oop=0}
                      ; - jdk.internal.loader.BuiltinClassLoader::defineClass@40
  0x000001ed126e79d8: 440c 0000 | 4c8b 8c24 | 9800 0000 | 488d 9424 | e000 0000 | 4c89 4a08 | 498b 0148 | 83c8 0148 
  0x000001ed126e79f8: 8902 f049 | 0fb1 110f | 8413 0000 | 0048 2bc4 | 4881 e007 | f0ff ff48 | 8902 0f85 | 9503 0000 
  0x000001ed126e7a18: 418b 510c | 4883 fa00 | 0f85 4700 | 0000 498b | d10f 1f40 | 0048 b870 | e7d4 1fed 

  0x000001ed126e7a34: ;   {virtual_call}
  0x000001ed126e7a34: 0100 00e8 

  0x000001ed126e7a38: ; ImmutableOopMap {[160]=Oop [168]=Oop [144]=Oop [152]=Oop [232]=Oop }
                      ;*invokevirtual getInputStream {reexecute=0 rethrow=0 return_oop=0}
                      ; - jdk.internal.loader.Resource::cachedInputStream@9
                      ; - jdk.internal.loader.Resource::getByteBuffer@1
                      ; - jdk.internal.loader.BuiltinClassLoader::defineClass@45
  0x000001ed126e7a38: a462 d0ff | 410f be57 | 3883 fa00 | 4c8b 8c24 | 9800 0000 | 0f85 6e03 | 0000 4c8b | d045 8951 
  0x000001ed126e7a58: 0c49 8bd1 | 4833 d048 | c1ea 1448 | 83fa 000f | 856f 0300 | 0041 8b51 | 0c48 8d84 | 24e0 0000 
  0x000001ed126e7a78: 0048 8b30 | 4885 f60f | 840f 0000 | 0048 8b78 | 08f0 480f | b137 0f85 | 6003 0000 | 4883 fa00 
  0x000001ed126e7a98: 0f84 3b00 

  0x000001ed126e7a9c: ;   {metadata('sun/nio/ByteBuffered')}
  0x000001ed126e7a9c: 0000 48b8 | 40a6 0200 | 0100 0000 | 8b5a 0848 | c1e3 0348 | 3b43 200f | 8425 0000 | 0048 3bd8 
  0x000001ed126e7abc: 0f84 1c00 | 0000 5350 

  0x000001ed126e7ac4: ;   {runtime_call slow_subtype_check Runtime1 stub}
  0x000001ed126e7ac4: e837 02db | ff5b 5b83 | fb00 0f84 | 0500 0000 | e905 0000 | 0048 33f6 | eb0a 48be | 0100 0000 
  0x000001ed126e7ae4: 0000 0000 | 83fe 000f | 8460 0000 | 0048 83fa | 000f 843b 

  0x000001ed126e7af8: ;   {metadata('sun/nio/ByteBuffered')}
  0x000001ed126e7af8: 0000 0048 | bb40 a602 | 0001 0000 | 008b 7a08 | 48c1 e703 | 483b 5f20 | 0f84 2000 | 0000 483b 
  0x000001ed126e7b18: fb0f 8417 | 0000 0057 

  0x000001ed126e7b20: ;   {runtime_call slow_subtype_check Runtime1 stub}
  0x000001ed126e7b20: 53e8 da01 | dbff 5f5f | 83ff 000f | 84d9 0200 | 00e9 0000 | 0000 0f1f | 8000 0000 | 0048 b8ff 
  0x000001ed126e7b40: ffff ffff 

  0x000001ed126e7b44: ;   {virtual_call}
  0x000001ed126e7b44: ffff ffe8 

  0x000001ed126e7b48: ; ImmutableOopMap {[160]=Oop [168]=Oop [144]=Oop [152]=Oop }
                      ;*invokeinterface getByteBuffer {reexecute=0 rethrow=0 return_oop=0}
                      ; - jdk.internal.loader.Resource::getByteBuffer@16
                      ; - jdk.internal.loader.BuiltinClassLoader::defineClass@45
  0x000001ed126e7b48: 34a5 d0ff | e90a 0000 

  0x000001ed126e7b50: ;   {oop(NULL)}
  0x000001ed126e7b50: 0048 b800 | 0000 0000 | 0000 0048 | 83f8 000f | 84dd 0000 | 0048 8984 | 24b8 0000 | 0048 8b94 
  0x000001ed126e7b70: 2498 0000 | 0048 b8ff | ffff ffff 

  0x000001ed126e7b7c: ;   {virtual_call}
  0x000001ed126e7b7c: ffff ffe8 

  0x000001ed126e7b80: ; ImmutableOopMap {[160]=Oop [168]=Oop [144]=Oop [184]=Oop }
                      ;*invokevirtual getCodeSigners {reexecute=0 rethrow=0 return_oop=0}
                      ; - jdk.internal.loader.BuiltinClassLoader::defineClass@56
  0x000001ed126e7b80: fca4 d0ff 

  0x000001ed126e7b84: ;   {metadata('java/security/CodeSource')}
  0x000001ed126e7b84: 4c8b c848 | ba68 1b05 | 0001 0000 | 0049 8b87 | 0801 0000 | 488d 7828 | 493b bf18 | 0100 000f 
  0x000001ed126e7ba4: 876a 0200 | 0049 89bf | 0801 0000 | 48c7 0001 | 0000 0048 | 8bca 48c1 | e903 8948 | 0848 33c9 
  0x000001ed126e7bc4: 8948 0c48 | 33c9 4889 | 4810 4889 | 4818 4889 | 4820 4c8b | 8424 a800 | 0000 488b | d048 8984 
  0x000001ed126e7be4: 24c0 0000 | 0066 0f1f 

  0x000001ed126e7bec: ;   {optimized virtual_call}
  0x000001ed126e7bec: 4400 00e8 

  0x000001ed126e7bf0: ; ImmutableOopMap {[160]=Oop [144]=Oop [184]=Oop [192]=Oop }
                      ;*invokespecial <init> {reexecute=0 rethrow=0 return_oop=0}
                      ; - jdk.internal.loader.BuiltinClassLoader::defineClass@68
  0x000001ed126e7bf0: 0c9f d0ff | 4c8b 8424 | c000 0000 | 488b 9424 | a000 0000 

  0x000001ed126e7c04: ;   {optimized virtual_call}
  0x000001ed126e7c04: 6666 90e8 

  0x000001ed126e7c08: ; ImmutableOopMap {[160]=Oop [144]=Oop [184]=Oop }
                      ;*invokevirtual getProtectionDomain {reexecute=0 rethrow=0 return_oop=0}
                      ; - java.security.SecureClassLoader::defineClass@5
                      ; - jdk.internal.loader.BuiltinClassLoader::defineClass@79
  0x000001ed126e7c08: f49e d0ff | 4c8b 8424 | 9000 0000 | 4c8b 8c24 | b800 0000 | 488b f848 | 8b94 24a0 

  0x000001ed126e7c24: ;   {optimized virtual_call}
  0x000001ed126e7c24: 0000 00e8 

  0x000001ed126e7c28: ; ImmutableOopMap {}
                      ;*invokevirtual defineClass {reexecute=0 rethrow=0 return_oop=0}
                      ; - java.security.SecureClassLoader::defineClass@8
                      ; - jdk.internal.loader.BuiltinClassLoader::defineClass@79
  0x000001ed126e7c28: d49e d0ff | 4881 c400 | 0100 005d 

  0x000001ed126e7c34: ;   {poll_return}
  0x000001ed126e7c34: 493b a750 | 0300 000f | 87df 0100 | 00c3 4c8b | 8c24 9800 | 0000 498b | d148 b8c0 | eed4 1fed 
  0x000001ed126e7c54: ;   {virtual_call}
  0x000001ed126e7c54: 0100 00e8 

  0x000001ed126e7c58: ; ImmutableOopMap {[160]=Oop [144]=Oop [152]=Oop [168]=Oop }
                      ;*invokevirtual getBytes {reexecute=0 rethrow=0 return_oop=0}
                      ; - jdk.internal.loader.BuiltinClassLoader::defineClass@84
  0x000001ed126e7c58: 0461 d0ff | 4889 8424 | c800 0000 | 488b 9424 | 9800 0000 | 9048 b8b0 | ecd4 1fed 

  0x000001ed126e7c74: ;   {virtual_call}
  0x000001ed126e7c74: 0100 00e8 

  0x000001ed126e7c78: ; ImmutableOopMap {[160]=Oop [144]=Oop [168]=Oop [200]=Oop }
                      ;*invokevirtual getCodeSigners {reexecute=0 rethrow=0 return_oop=0}
                      ; - jdk.internal.loader.BuiltinClassLoader::defineClass@90
  0x000001ed126e7c78: 2461 d0ff 

  0x000001ed126e7c7c: ;   {metadata('java/security/CodeSource')}
  0x000001ed126e7c7c: 4c8b c848 | ba68 1b05 | 0001 0000 | 0049 8b87 | 0801 0000 | 488d 7828 | 493b bf18 | 0100 000f 
  0x000001ed126e7c9c: 8795 0100 | 0049 89bf | 0801 0000 | 48c7 0001 | 0000 0048 | 8bca 48c1 | e903 8948 | 0848 33c9 
  0x000001ed126e7cbc: 8948 0c48 | 33c9 4889 | 4810 4889 | 4818 4889 | 4820 4c8b | 8424 a800 | 0000 488b | d048 8984 
  0x000001ed126e7cdc: 24d0 0000 | 0066 0f1f 

  0x000001ed126e7ce4: ;   {optimized virtual_call}
  0x000001ed126e7ce4: 4400 00e8 

  0x000001ed126e7ce8: ; ImmutableOopMap {[160]=Oop [144]=Oop [200]=Oop [208]=Oop }
                      ;*invokespecial <init> {reexecute=0 rethrow=0 return_oop=0}
                      ; - jdk.internal.loader.BuiltinClassLoader::defineClass@102
  0x000001ed126e7ce8: 7456 0000 | 488b 8424 | c800 0000 

  0x000001ed126e7cf4: ; implicit exception: dispatches to 0x000001ed126e7e43
  0x000001ed126e7cf4: 8b70 0c4c | 8b84 24d0 | 0000 0048 | 8b94 24a0 | 0000 0089 | b424 d800 

  0x000001ed126e7d0c: ;   {optimized virtual_call}
  0x000001ed126e7d0c: 0000 90e8 

  0x000001ed126e7d10: ; ImmutableOopMap {[160]=Oop [144]=Oop [200]=Oop }
                      ;*invokevirtual getProtectionDomain {reexecute=0 rethrow=0 return_oop=0}
                      ; - java.security.SecureClassLoader::defineClass@9
                      ; - jdk.internal.loader.BuiltinClassLoader::defineClass@117
  0x000001ed126e7d10: cc48 0200 | 4c8b 8424 | 9000 0000 | 4c8b 8c24 | c800 0000 | bf00 0000 | 008b b424 | d800 0000 
  0x000001ed126e7d30: 488b c848 | 8b94 24a0 | 0000 000f 

  0x000001ed126e7d3c: ;   {optimized virtual_call}
  0x000001ed126e7d3c: 1f40 00e8 

  0x000001ed126e7d40: ; ImmutableOopMap {}
                      ;*invokevirtual defineClass {reexecute=0 rethrow=0 return_oop=0}
                      ; - java.security.SecureClassLoader::defineClass@12
                      ; - jdk.internal.loader.BuiltinClassLoader::defineClass@117
  0x000001ed126e7d40: 3c56 0200 | 4881 c400 | 0100 005d 

  0x000001ed126e7d4c: ;   {poll_return}
  0x000001ed126e7d4c: 493b a750 | 0300 000f | 87ef 0000 | 00c3 498b | 87e0 0300 | 004d 33d2 | 4d89 97e0 | 0300 004d 
  0x000001ed126e7d6c: 33d2 4d89 | 97e8 0300 | 0048 8bf0 | 488d 8424 | e000 0000 | 488b 3848 | 85ff 0f84 | 0f00 0000 
  0x000001ed126e7d8c: 488b 5808 | f048 0fb1 | 3b0f 85c3 | 0000 0048 | 8bc6 e9f0 

  0x000001ed126e7da0: ;   {runtime_call throw_null_pointer_exception Runtime1 stub}
  0x000001ed126e7da0: 0000 00e8 

  0x000001ed126e7da4: ; ImmutableOopMap {[152]=Oop [160]=Oop rax=Oop [168]=Oop r8=Oop [144]=Oop }
                      ;*invokevirtual lastIndexOf {reexecute=0 rethrow=0 return_oop=0}
                      ; - jdk.internal.loader.BuiltinClassLoader::defineClass@8
  0x000001ed126e7da4: 78cd daff 

  0x000001ed126e7da8: ;   {runtime_call throw_null_pointer_exception Runtime1 stub}
  0x000001ed126e7da8: e873 cdda 

  0x000001ed126e7dac: ; ImmutableOopMap {[152]=Oop [160]=Oop rax=Oop [168]=Oop r8=Oop [144]=Oop rsi=Oop }
                      ;*arraylength {reexecute=0 rethrow=0 return_oop=0}
                      ; - java.lang.String::length@4
                      ; - java.lang.String::lastIndexOf@3
                      ; - jdk.internal.loader.BuiltinClassLoader::defineClass@8
  0x000001ed126e7dac: ff4c 894c | 2408 4889 

  0x000001ed126e7db4: ;   {runtime_call monitorenter_nofpu Runtime1 stub}
  0x000001ed126e7db4: 1424 e8c5 

  0x000001ed126e7db8: ; ImmutableOopMap {[160]=Oop [168]=Oop [144]=Oop r9=Oop [152]=Oop [232]=Oop }
                      ;*synchronization entry
                      ; - jdk.internal.loader.Resource::cachedInputStream@-1
                      ; - jdk.internal.loader.Resource::getByteBuffer@1
                      ; - jdk.internal.loader.BuiltinClassLoader::defineClass@45
  0x000001ed126e7db8: 05db ffe9 | 58fc ffff | 418b 510c | 4883 fa00 | 0f84 84fc | ffff 4889 

  0x000001ed126e7dd0: ;   {runtime_call g1_pre_barrier_slow}
  0x000001ed126e7dd0: 1424 e8a9 | 36db ffe9 | 76fc ffff | 4883 f800 | 0f84 87fc | ffff 4c89 

  0x000001ed126e7de8: ;   {runtime_call g1_post_barrier_slow}
  0x000001ed126e7de8: 0c24 e891 | 3adb ffe9 | 79fc ffff | 488d 8424 | e000 0000 | 4889 0424 

  0x000001ed126e7e00: ;   {runtime_call monitorexit_nofpu Runtime1 stub}
  0x000001ed126e7e00: e8fb 0bdb | ffe9 8afc | ffff 4889 

  0x000001ed126e7e0c: ;   {runtime_call throw_class_cast_exception Runtime1 stub}
  0x000001ed126e7e0c: 1424 e80d 

  0x000001ed126e7e10: ; ImmutableOopMap {[160]=Oop [168]=Oop [144]=Oop [152]=Oop }
                      ;*checkcast {reexecute=0 rethrow=0 return_oop=0}
                      ; - jdk.internal.loader.Resource::getByteBuffer@13
                      ; - jdk.internal.loader.BuiltinClassLoader::defineClass@45
  0x000001ed126e7e10: f9da ff48 

  0x000001ed126e7e14: ;   {runtime_call fast_new_instance Runtime1 stub}
  0x000001ed126e7e14: 8bd2 e8e5 

  0x000001ed126e7e18: ; ImmutableOopMap {[160]=Oop [168]=Oop [144]=Oop [184]=Oop r9=Oop }
                      ;*new {reexecute=0 rethrow=0 return_oop=0}
                      ; - jdk.internal.loader.BuiltinClassLoader::defineClass@61
  0x000001ed126e7e18: d7da ffe9 | b6fd ffff 

  0x000001ed126e7e20: ;   {internal_word}
  0x000001ed126e7e20: 49ba 347c | 6e12 ed01 | 0000 4d89 | 9768 0300 

  0x000001ed126e7e30: ;   {runtime_call SafepointBlob}
  0x000001ed126e7e30: 00e9 4a11 | d1ff 488b 

  0x000001ed126e7e38: ;   {runtime_call fast_new_instance Runtime1 stub}
  0x000001ed126e7e38: d2e8 c2d7 

  0x000001ed126e7e3c: ; ImmutableOopMap {[160]=Oop [144]=Oop [168]=Oop [200]=Oop r9=Oop }
                      ;*new {reexecute=0 rethrow=0 return_oop=0}
                      ; - jdk.internal.loader.BuiltinClassLoader::defineClass@95
  0x000001ed126e7e3c: daff e98b 

  0x000001ed126e7e40: ;   {runtime_call throw_null_pointer_exception Runtime1 stub}
  0x000001ed126e7e40: feff ffe8 

  0x000001ed126e7e44: ; ImmutableOopMap {[160]=Oop [144]=Oop [208]=Oop rax=Oop [200]=Oop }
                      ;*arraylength {reexecute=0 rethrow=0 return_oop=0}
                      ; - jdk.internal.loader.BuiltinClassLoader::defineClass@114
  0x000001ed126e7e44: d8cc daff 

  0x000001ed126e7e48: ;   {internal_word}
  0x000001ed126e7e48: 49ba 4c7d | 6e12 ed01 | 0000 4d89 | 9768 0300 

  0x000001ed126e7e58: ;   {runtime_call SafepointBlob}
  0x000001ed126e7e58: 00e9 2211 | d1ff 488d | 8424 e000 | 0000 4889 

  0x000001ed126e7e68: ;   {runtime_call monitorexit_nofpu Runtime1 stub}
  0x000001ed126e7e68: 0424 e891 | 0bdb ffe9 | 27ff ffff | 9090 498b | 87e0 0300 | 0049 c787 | e003 0000 | 0000 0000 
  0x000001ed126e7e88: 49c7 87e8 | 0300 0000 | 0000 0048 | 81c4 0001 

  0x000001ed126e7e98: ;   {runtime_call unwind_exception Runtime1 stub}
  0x000001ed126e7e98: 0000 5de9 | 60b4 daff 
[Stub Code]
  0x000001ed126e7ea0: ;   {no_reloc}
  0x000001ed126e7ea0: 0f1f 4400 

  0x000001ed126e7ea4: ;   {static_stub}
  0x000001ed126e7ea4: 0048 bb00 | 0000 0000 

  0x000001ed126e7eac: ;   {runtime_call}
  0x000001ed126e7eac: 0000 00e9 | fbff ffff 

  0x000001ed126e7eb4: ;   {static_stub}
  0x000001ed126e7eb4: 9048 bb00 | 0000 0000 

  0x000001ed126e7ebc: ;   {runtime_call}
  0x000001ed126e7ebc: 0000 00e9 | fbff ffff 

  0x000001ed126e7ec4: ;   {static_stub}
  0x000001ed126e7ec4: 9048 bb00 | 0000 0000 

  0x000001ed126e7ecc: ;   {runtime_call}
  0x000001ed126e7ecc: 0000 00e9 | fbff ffff 

  0x000001ed126e7ed4: ;   {static_stub}
  0x000001ed126e7ed4: 9048 bb00 | 0000 0000 

  0x000001ed126e7edc: ;   {runtime_call}
  0x000001ed126e7edc: 0000 00e9 | fbff ffff 

  0x000001ed126e7ee4: ;   {static_stub}
  0x000001ed126e7ee4: 9048 bb00 | 0000 0000 

  0x000001ed126e7eec: ;   {runtime_call}
  0x000001ed126e7eec: 0000 00e9 | fbff ffff 

  0x000001ed126e7ef4: ;   {static_stub}
  0x000001ed126e7ef4: 9048 bb00 | 0000 0000 

  0x000001ed126e7efc: ;   {runtime_call}
  0x000001ed126e7efc: 0000 00e9 | fbff ffff 

  0x000001ed126e7f04: ;   {static_stub}
  0x000001ed126e7f04: 9048 bb00 | 0000 0000 

  0x000001ed126e7f0c: ;   {runtime_call}
  0x000001ed126e7f0c: 0000 00e9 | fbff ffff 

  0x000001ed126e7f14: ;   {static_stub}
  0x000001ed126e7f14: 9048 bb00 | 0000 0000 

  0x000001ed126e7f1c: ;   {runtime_call}
  0x000001ed126e7f1c: 0000 00e9 | fbff ffff 

  0x000001ed126e7f24: ;   {static_stub}
  0x000001ed126e7f24: 9048 bb00 | 0000 0000 

  0x000001ed126e7f2c: ;   {runtime_call}
  0x000001ed126e7f2c: 0000 00e9 | fbff ffff 

  0x000001ed126e7f34: ;   {static_stub}
  0x000001ed126e7f34: 9048 bb00 | 0000 0000 

  0x000001ed126e7f3c: ;   {runtime_call}
  0x000001ed126e7f3c: 0000 00e9 | fbff ffff 

  0x000001ed126e7f44: ;   {static_stub}
  0x000001ed126e7f44: 9048 bb00 | 0000 0000 

  0x000001ed126e7f4c: ;   {runtime_call}
  0x000001ed126e7f4c: 0000 00e9 | fbff ffff 

  0x000001ed126e7f54: ;   {static_stub}
  0x000001ed126e7f54: 9048 bb00 | 0000 0000 

  0x000001ed126e7f5c: ;   {runtime_call}
  0x000001ed126e7f5c: 0000 00e9 | fbff ffff 

  0x000001ed126e7f64: ;   {static_stub}
  0x000001ed126e7f64: 9048 bb00 | 0000 0000 

  0x000001ed126e7f6c: ;   {runtime_call}
  0x000001ed126e7f6c: 0000 00e9 | fbff ffff 

  0x000001ed126e7f74: ;   {static_stub}
  0x000001ed126e7f74: 9048 bb00 | 0000 0000 

  0x000001ed126e7f7c: ;   {runtime_call}
  0x000001ed126e7f7c: 0000 00e9 | fbff ffff 

  0x000001ed126e7f84: ;   {static_stub}
  0x000001ed126e7f84: 9048 bb20 | 3c0c 1bed 

  0x000001ed126e7f8c: ;   {runtime_call I2C/C2I adapters}
  0x000001ed126e7f8c: 0100 00e9 | c41e d1ff 

  0x000001ed126e7f94: ;   {static_stub}
  0x000001ed126e7f94: 9048 bbb8 | 1e03 1bed 

  0x000001ed126e7f9c: ;   {runtime_call I2C/C2I adapters}
  0x000001ed126e7f9c: 0100 00e9 | b0f5 d0ff 

  0x000001ed126e7fa4: ;   {static_stub}
  0x000001ed126e7fa4: 9048 bbe0 | dc01 1bed 

  0x000001ed126e7fac: ;   {runtime_call I2C/C2I adapters}
  0x000001ed126e7fac: 0100 00e9 | 2e03 d0ff 
[Exception Handler]
  0x000001ed126e7fb4: ;   {runtime_call handle_exception_from_callee Runtime1 stub}
  0x000001ed126e7fb4: e847 f1da 

  0x000001ed126e7fb8: ;   {external_word}
  0x000001ed126e7fb8: ff48 b940 | 9ad8 09f9 | 7f00 0048 

  0x000001ed126e7fc4: ;   {runtime_call}
  0x000001ed126e7fc4: 83e4 f049 | ba60 2da1 | 09f9 7f00 | 0041 ffd2 

  0x000001ed126e7fd4: ;   {section_word}
  0x000001ed126e7fd4: f449 bad5 | 7f6e 12ed | 0100 0041 

  0x000001ed126e7fe0: ;   {runtime_call DeoptimizationBlob}
  0x000001ed126e7fe0: 52e9 3a24 | d1ff f4f4 
[/MachCode]


---------------  P R O C E S S  ---------------

Threads class SMR info:
_java_thread_list=0x000001ed1f232a20, length=13, elements={
0x000001ed0df47ec0, 0x000001ed1ad44370, 0x000001ed1ad49e60, 0x000001ed1ad6e0e0,
0x000001ed1f00c080, 0x000001ed1f00e570, 0x000001ed1f010e50, 0x000001ed1f012200,
0x000001ed1f015340, 0x000001ed1f20ebe0, 0x000001ed1f215130, 0x000001ed1f22f970,
0x000001ed1f231920
}

Java Threads: ( => current thread )
=>0x000001ed0df47ec0 JavaThread "main" [_thread_in_vm, id=13912, stack(0x000000bc20800000,0x000000bc20900000)]
  0x000001ed1ad44370 JavaThread "Reference Handler" daemon [_thread_blocked, id=27116, stack(0x000000bc20f00000,0x000000bc21000000)]
  0x000001ed1ad49e60 JavaThread "Finalizer" daemon [_thread_blocked, id=27272, stack(0x000000bc21000000,0x000000bc21100000)]
  0x000001ed1ad6e0e0 JavaThread "Signal Dispatcher" daemon [_thread_blocked, id=32992, stack(0x000000bc21100000,0x000000bc21200000)]
  0x000001ed1f00c080 JavaThread "Attach Listener" daemon [_thread_blocked, id=2296, stack(0x000000bc21200000,0x000000bc21300000)]
  0x000001ed1f00e570 JavaThread "Service Thread" daemon [_thread_blocked, id=30868, stack(0x000000bc21300000,0x000000bc21400000)]
  0x000001ed1f010e50 JavaThread "Monitor Deflation Thread" daemon [_thread_blocked, id=23128, stack(0x000000bc21400000,0x000000bc21500000)]
  0x000001ed1f012200 JavaThread "C1 CompilerThread0" daemon [_thread_blocked, id=25820, stack(0x000000bc21500000,0x000000bc21600000)]
  0x000001ed1f015340 JavaThread "Sweeper thread" daemon [_thread_blocked, id=10708, stack(0x000000bc21600000,0x000000bc21700000)]
  0x000001ed1f20ebe0 JavaThread "C1 CompilerThread1" daemon [_thread_blocked, id=14156, stack(0x000000bc21700000,0x000000bc21800000)]
  0x000001ed1f215130 JavaThread "C1 CompilerThread2" daemon [_thread_blocked, id=32672, stack(0x000000bc21800000,0x000000bc21900000)]
  0x000001ed1f22f970 JavaThread "Notification Thread" daemon [_thread_blocked, id=10824, stack(0x000000bc21900000,0x000000bc21a00000)]
  0x000001ed1f231920 JavaThread "Common-Cleaner" daemon [_thread_blocked, id=33416, stack(0x000000bc21b00000,0x000000bc21c00000)]

Other Threads:
  0x000001ed1ad2eb00 VMThread "VM Thread" [stack: 0x000000bc20e00000,0x000000bc20f00000] [id=26708]
  0x000001ed1f230260 WatcherThread [stack: 0x000000bc21a00000,0x000000bc21b00000] [id=13652]
  0x000001ed0df861e0 GCTaskThread "GC Thread#0" [stack: 0x000000bc20900000,0x000000bc20a00000] [id=18476]
  0x000001ed1fd25e50 GCTaskThread "GC Thread#1" [stack: 0x000000bc21c00000,0x000000bc21d00000] [id=29928]
  0x000001ed1fb91c30 GCTaskThread "GC Thread#2" [stack: 0x000000bc21d00000,0x000000bc21e00000] [id=30180]
  0x000001ed1fb91ef0 GCTaskThread "GC Thread#3" [stack: 0x000000bc21e00000,0x000000bc21f00000] [id=17220]
  0x000001ed0df8f040 ConcurrentGCThread "G1 Main Marker" [stack: 0x000000bc20a00000,0x000000bc20b00000] [id=32372]
  0x000001ed0df8f970 ConcurrentGCThread "G1 Conc#0" [stack: 0x000000bc20b00000,0x000000bc20c00000] [id=25520]
  0x000001ed1ab920b0 ConcurrentGCThread "G1 Refine#0" [stack: 0x000000bc20c00000,0x000000bc20d00000] [id=32072]
  0x000001ed1ab929f0 ConcurrentGCThread "G1 Service" [stack: 0x000000bc20d00000,0x000000bc20e00000] [id=29080]

Threads with active compile tasks:

VM state: not at safepoint (normal execution)

VM Mutex/Monitor currently owned by a thread:  ([mutex/lock_event])
[0x000001ed0dd02cf0] Metaspace_lock - owner thread: 0x000001ed0df47ec0

Heap address: 0x00000000c0000000, size: 1024 MB, Compressed Oops mode: 32-bit

CDS archive(s) not mapped
Compressed class space mapped at: 0x0000000100000000-0x0000000140000000, reserved size: 1073741824
Narrow klass base: 0x0000000000000000, Narrow klass shift: 3, Narrow klass range: 0x140000000

GC Precious Log:
 CPUs: 8 total, 8 available
 Memory: 7834M
 Large Page Support: Disabled
 NUMA Support: Disabled
 Compressed Oops: Enabled (32-bit)
 Heap Region Size: 1M
 Heap Min Capacity: 8M
 Heap Initial Capacity: 124M
 Heap Max Capacity: 1G
 Pre-touch: Disabled
 Parallel Workers: 8
 Concurrent Workers: 2
 Concurrent Refinement Workers: 8
 Periodic GC: Disabled

Heap:
 garbage-first heap   total 126976K, used 18852K [0x00000000c0000000, 0x0000000100000000)
  region size 1024K, 7 young (7168K), 3 survivors (3072K)
 Metaspace       used 8861K, committed 8960K, reserved 1114112K
  class space    used 1037K, committed 1088K, reserved 1048576K

Heap Regions: E=young(eden), S=young(survivor), O=old, HS=humongous(starts), HC=humongous(continues), CS=collection set, F=free, OA=open archive, CA=closed archive, TAMS=top-at-mark-start (previous, next)
|   0|0x00000000c0000000, 0x00000000c0100000, 0x00000000c0100000|100%|HS|  |TAMS 0x00000000c0000000, 0x00000000c0000000| Complete 
|   1|0x00000000c0100000, 0x00000000c0200000, 0x00000000c0200000|100%|HC|  |TAMS 0x00000000c0100000, 0x00000000c0100000| Complete 
|   2|0x00000000c0200000, 0x00000000c0300000, 0x00000000c0300000|100%|HC|  |TAMS 0x00000000c0200000, 0x00000000c0200000| Complete 
|   3|0x00000000c0300000, 0x00000000c0400000, 0x00000000c0400000|100%|HC|  |TAMS 0x00000000c0300000, 0x00000000c0300000| Complete 
|   4|0x00000000c0400000, 0x00000000c0500000, 0x00000000c0500000|100%|HS|  |TAMS 0x00000000c0400000, 0x00000000c0400000| Complete 
|   5|0x00000000c0500000, 0x00000000c0600000, 0x00000000c0600000|100%|HC|  |TAMS 0x00000000c0500000, 0x00000000c0500000| Complete 
|   6|0x00000000c0600000, 0x00000000c0700000, 0x00000000c0700000|100%| O|  |TAMS 0x00000000c0600000, 0x00000000c0600000| Untracked 
|   7|0x00000000c0700000, 0x00000000c0800000, 0x00000000c0800000|100%| O|  |TAMS 0x00000000c0700000, 0x00000000c0700000| Untracked 
|   8|0x00000000c0800000, 0x00000000c0900000, 0x00000000c0900000|100%| O|  |TAMS 0x00000000c0800000, 0x00000000c0800000| Untracked 
|   9|0x00000000c0900000, 0x00000000c0a00000, 0x00000000c0a00000|100%| O|  |TAMS 0x00000000c0900000, 0x00000000c0900000| Untracked 
|  10|0x00000000c0a00000, 0x00000000c0b00000, 0x00000000c0b00000|100%| O|  |TAMS 0x00000000c0a00000, 0x00000000c0a00000| Untracked 
|  11|0x00000000c0b00000, 0x00000000c0c00000, 0x00000000c0c00000|100%| O|  |TAMS 0x00000000c0b00000, 0x00000000c0b00000| Untracked 
|  12|0x00000000c0c00000, 0x00000000c0c69200, 0x00000000c0d00000| 41%| O|  |TAMS 0x00000000c0c00000, 0x00000000c0c00000| Untracked 
|  13|0x00000000c0d00000, 0x00000000c0d00000, 0x00000000c0e00000|  0%| F|  |TAMS 0x00000000c0d00000, 0x00000000c0d00000| Untracked 
|  14|0x00000000c0e00000, 0x00000000c0e00000, 0x00000000c0f00000|  0%| F|  |TAMS 0x00000000c0e00000, 0x00000000c0e00000| Untracked 
|  15|0x00000000c0f00000, 0x00000000c0f00000, 0x00000000c1000000|  0%| F|  |TAMS 0x00000000c0f00000, 0x00000000c0f00000| Untracked 
|  16|0x00000000c1000000, 0x00000000c1000000, 0x00000000c1100000|  0%| F|  |TAMS 0x00000000c1000000, 0x00000000c1000000| Untracked 
|  17|0x00000000c1100000, 0x00000000c1100000, 0x00000000c1200000|  0%| F|  |TAMS 0x00000000c1100000, 0x00000000c1100000| Untracked 
|  18|0x00000000c1200000, 0x00000000c1200000, 0x00000000c1300000|  0%| F|  |TAMS 0x00000000c1200000, 0x00000000c1200000| Untracked 
|  19|0x00000000c1300000, 0x00000000c1300000, 0x00000000c1400000|  0%| F|  |TAMS 0x00000000c1300000, 0x00000000c1300000| Untracked 
|  20|0x00000000c1400000, 0x00000000c1400000, 0x00000000c1500000|  0%| F|  |TAMS 0x00000000c1400000, 0x00000000c1400000| Untracked 
|  21|0x00000000c1500000, 0x00000000c1500000, 0x00000000c1600000|  0%| F|  |TAMS 0x00000000c1500000, 0x00000000c1500000| Untracked 
|  22|0x00000000c1600000, 0x00000000c1600000, 0x00000000c1700000|  0%| F|  |TAMS 0x00000000c1600000, 0x00000000c1600000| Untracked 
|  23|0x00000000c1700000, 0x00000000c1700000, 0x00000000c1800000|  0%| F|  |TAMS 0x00000000c1700000, 0x00000000c1700000| Untracked 
|  24|0x00000000c1800000, 0x00000000c1800000, 0x00000000c1900000|  0%| F|  |TAMS 0x00000000c1800000, 0x00000000c1800000| Untracked 
|  25|0x00000000c1900000, 0x00000000c1900000, 0x00000000c1a00000|  0%| F|  |TAMS 0x00000000c1900000, 0x00000000c1900000| Untracked 
|  26|0x00000000c1a00000, 0x00000000c1a00000, 0x00000000c1b00000|  0%| F|  |TAMS 0x00000000c1a00000, 0x00000000c1a00000| Untracked 
|  27|0x00000000c1b00000, 0x00000000c1b00000, 0x00000000c1c00000|  0%| F|  |TAMS 0x00000000c1b00000, 0x00000000c1b00000| Untracked 
|  28|0x00000000c1c00000, 0x00000000c1c00000, 0x00000000c1d00000|  0%| F|  |TAMS 0x00000000c1c00000, 0x00000000c1c00000| Untracked 
|  29|0x00000000c1d00000, 0x00000000c1d00000, 0x00000000c1e00000|  0%| F|  |TAMS 0x00000000c1d00000, 0x00000000c1d00000| Untracked 
|  30|0x00000000c1e00000, 0x00000000c1e00000, 0x00000000c1f00000|  0%| F|  |TAMS 0x00000000c1e00000, 0x00000000c1e00000| Untracked 
|  31|0x00000000c1f00000, 0x00000000c1f00000, 0x00000000c2000000|  0%| F|  |TAMS 0x00000000c1f00000, 0x00000000c1f00000| Untracked 
|  32|0x00000000c2000000, 0x00000000c2000000, 0x00000000c2100000|  0%| F|  |TAMS 0x00000000c2000000, 0x00000000c2000000| Untracked 
|  33|0x00000000c2100000, 0x00000000c2100000, 0x00000000c2200000|  0%| F|  |TAMS 0x00000000c2100000, 0x00000000c2100000| Untracked 
|  34|0x00000000c2200000, 0x00000000c2200000, 0x00000000c2300000|  0%| F|  |TAMS 0x00000000c2200000, 0x00000000c2200000| Untracked 
|  35|0x00000000c2300000, 0x00000000c2300000, 0x00000000c2400000|  0%| F|  |TAMS 0x00000000c2300000, 0x00000000c2300000| Untracked 
|  36|0x00000000c2400000, 0x00000000c2400000, 0x00000000c2500000|  0%| F|  |TAMS 0x00000000c2400000, 0x00000000c2400000| Untracked 
|  37|0x00000000c2500000, 0x00000000c2500000, 0x00000000c2600000|  0%| F|  |TAMS 0x00000000c2500000, 0x00000000c2500000| Untracked 
|  38|0x00000000c2600000, 0x00000000c2600000, 0x00000000c2700000|  0%| F|  |TAMS 0x00000000c2600000, 0x00000000c2600000| Untracked 
|  39|0x00000000c2700000, 0x00000000c2700000, 0x00000000c2800000|  0%| F|  |TAMS 0x00000000c2700000, 0x00000000c2700000| Untracked 
|  40|0x00000000c2800000, 0x00000000c2800000, 0x00000000c2900000|  0%| F|  |TAMS 0x00000000c2800000, 0x00000000c2800000| Untracked 
|  41|0x00000000c2900000, 0x00000000c2900000, 0x00000000c2a00000|  0%| F|  |TAMS 0x00000000c2900000, 0x00000000c2900000| Untracked 
|  42|0x00000000c2a00000, 0x00000000c2a00000, 0x00000000c2b00000|  0%| F|  |TAMS 0x00000000c2a00000, 0x00000000c2a00000| Untracked 
|  43|0x00000000c2b00000, 0x00000000c2b00000, 0x00000000c2c00000|  0%| F|  |TAMS 0x00000000c2b00000, 0x00000000c2b00000| Untracked 
|  44|0x00000000c2c00000, 0x00000000c2c00000, 0x00000000c2d00000|  0%| F|  |TAMS 0x00000000c2c00000, 0x00000000c2c00000| Untracked 
|  45|0x00000000c2d00000, 0x00000000c2d00000, 0x00000000c2e00000|  0%| F|  |TAMS 0x00000000c2d00000, 0x00000000c2d00000| Untracked 
|  46|0x00000000c2e00000, 0x00000000c2e00000, 0x00000000c2f00000|  0%| F|  |TAMS 0x00000000c2e00000, 0x00000000c2e00000| Untracked 
|  47|0x00000000c2f00000, 0x00000000c2f00000, 0x00000000c3000000|  0%| F|  |TAMS 0x00000000c2f00000, 0x00000000c2f00000| Untracked 
|  48|0x00000000c3000000, 0x00000000c3000000, 0x00000000c3100000|  0%| F|  |TAMS 0x00000000c3000000, 0x00000000c3000000| Untracked 
|  49|0x00000000c3100000, 0x00000000c3100000, 0x00000000c3200000|  0%| F|  |TAMS 0x00000000c3100000, 0x00000000c3100000| Untracked 
|  50|0x00000000c3200000, 0x00000000c3200000, 0x00000000c3300000|  0%| F|  |TAMS 0x00000000c3200000, 0x00000000c3200000| Untracked 
|  51|0x00000000c3300000, 0x00000000c3300000, 0x00000000c3400000|  0%| F|  |TAMS 0x00000000c3300000, 0x00000000c3300000| Untracked 
|  52|0x00000000c3400000, 0x00000000c3400000, 0x00000000c3500000|  0%| F|  |TAMS 0x00000000c3400000, 0x00000000c3400000| Untracked 
|  53|0x00000000c3500000, 0x00000000c3500000, 0x00000000c3600000|  0%| F|  |TAMS 0x00000000c3500000, 0x00000000c3500000| Untracked 
|  54|0x00000000c3600000, 0x00000000c3600000, 0x00000000c3700000|  0%| F|  |TAMS 0x00000000c3600000, 0x00000000c3600000| Untracked 
|  55|0x00000000c3700000, 0x00000000c3700000, 0x00000000c3800000|  0%| F|  |TAMS 0x00000000c3700000, 0x00000000c3700000| Untracked 
|  56|0x00000000c3800000, 0x00000000c3800000, 0x00000000c3900000|  0%| F|  |TAMS 0x00000000c3800000, 0x00000000c3800000| Untracked 
|  57|0x00000000c3900000, 0x00000000c3900000, 0x00000000c3a00000|  0%| F|  |TAMS 0x00000000c3900000, 0x00000000c3900000| Untracked 
|  58|0x00000000c3a00000, 0x00000000c3a00000, 0x00000000c3b00000|  0%| F|  |TAMS 0x00000000c3a00000, 0x00000000c3a00000| Untracked 
|  59|0x00000000c3b00000, 0x00000000c3b00000, 0x00000000c3c00000|  0%| F|  |TAMS 0x00000000c3b00000, 0x00000000c3b00000| Untracked 
|  60|0x00000000c3c00000, 0x00000000c3c00000, 0x00000000c3d00000|  0%| F|  |TAMS 0x00000000c3c00000, 0x00000000c3c00000| Untracked 
|  61|0x00000000c3d00000, 0x00000000c3d00000, 0x00000000c3e00000|  0%| F|  |TAMS 0x00000000c3d00000, 0x00000000c3d00000| Untracked 
|  62|0x00000000c3e00000, 0x00000000c3e00000, 0x00000000c3f00000|  0%| F|  |TAMS 0x00000000c3e00000, 0x00000000c3e00000| Untracked 
|  63|0x00000000c3f00000, 0x00000000c3f00000, 0x00000000c4000000|  0%| F|  |TAMS 0x00000000c3f00000, 0x00000000c3f00000| Untracked 
|  64|0x00000000c4000000, 0x00000000c4000000, 0x00000000c4100000|  0%| F|  |TAMS 0x00000000c4000000, 0x00000000c4000000| Untracked 
|  65|0x00000000c4100000, 0x00000000c4100000, 0x00000000c4200000|  0%| F|  |TAMS 0x00000000c4100000, 0x00000000c4100000| Untracked 
|  66|0x00000000c4200000, 0x00000000c4200000, 0x00000000c4300000|  0%| F|  |TAMS 0x00000000c4200000, 0x00000000c4200000| Untracked 
|  67|0x00000000c4300000, 0x00000000c4300000, 0x00000000c4400000|  0%| F|  |TAMS 0x00000000c4300000, 0x00000000c4300000| Untracked 
|  68|0x00000000c4400000, 0x00000000c4400000, 0x00000000c4500000|  0%| F|  |TAMS 0x00000000c4400000, 0x00000000c4400000| Untracked 
|  69|0x00000000c4500000, 0x00000000c4500000, 0x00000000c4600000|  0%| F|  |TAMS 0x00000000c4500000, 0x00000000c4500000| Untracked 
|  70|0x00000000c4600000, 0x00000000c4600000, 0x00000000c4700000|  0%| F|  |TAMS 0x00000000c4600000, 0x00000000c4600000| Untracked 
|  71|0x00000000c4700000, 0x00000000c4700000, 0x00000000c4800000|  0%| F|  |TAMS 0x00000000c4700000, 0x00000000c4700000| Untracked 
|  72|0x00000000c4800000, 0x00000000c4800000, 0x00000000c4900000|  0%| F|  |TAMS 0x00000000c4800000, 0x00000000c4800000| Untracked 
|  73|0x00000000c4900000, 0x00000000c4900000, 0x00000000c4a00000|  0%| F|  |TAMS 0x00000000c4900000, 0x00000000c4900000| Untracked 
|  74|0x00000000c4a00000, 0x00000000c4a00000, 0x00000000c4b00000|  0%| F|  |TAMS 0x00000000c4a00000, 0x00000000c4a00000| Untracked 
|  75|0x00000000c4b00000, 0x00000000c4b00000, 0x00000000c4c00000|  0%| F|  |TAMS 0x00000000c4b00000, 0x00000000c4b00000| Untracked 
|  76|0x00000000c4c00000, 0x00000000c4c00000, 0x00000000c4d00000|  0%| F|  |TAMS 0x00000000c4c00000, 0x00000000c4c00000| Untracked 
|  77|0x00000000c4d00000, 0x00000000c4d00000, 0x00000000c4e00000|  0%| F|  |TAMS 0x00000000c4d00000, 0x00000000c4d00000| Untracked 
|  78|0x00000000c4e00000, 0x00000000c4e00000, 0x00000000c4f00000|  0%| F|  |TAMS 0x00000000c4e00000, 0x00000000c4e00000| Untracked 
|  79|0x00000000c4f00000, 0x00000000c4f00000, 0x00000000c5000000|  0%| F|  |TAMS 0x00000000c4f00000, 0x00000000c4f00000| Untracked 
|  80|0x00000000c5000000, 0x00000000c5000000, 0x00000000c5100000|  0%| F|  |TAMS 0x00000000c5000000, 0x00000000c5000000| Untracked 
|  81|0x00000000c5100000, 0x00000000c5100000, 0x00000000c5200000|  0%| F|  |TAMS 0x00000000c5100000, 0x00000000c5100000| Untracked 
|  82|0x00000000c5200000, 0x00000000c5200000, 0x00000000c5300000|  0%| F|  |TAMS 0x00000000c5200000, 0x00000000c5200000| Untracked 
|  83|0x00000000c5300000, 0x00000000c5300000, 0x00000000c5400000|  0%| F|  |TAMS 0x00000000c5300000, 0x00000000c5300000| Untracked 
|  84|0x00000000c5400000, 0x00000000c5400000, 0x00000000c5500000|  0%| F|  |TAMS 0x00000000c5400000, 0x00000000c5400000| Untracked 
|  85|0x00000000c5500000, 0x00000000c5500000, 0x00000000c5600000|  0%| F|  |TAMS 0x00000000c5500000, 0x00000000c5500000| Untracked 
|  86|0x00000000c5600000, 0x00000000c5600000, 0x00000000c5700000|  0%| F|  |TAMS 0x00000000c5600000, 0x00000000c5600000| Untracked 
|  87|0x00000000c5700000, 0x00000000c5700000, 0x00000000c5800000|  0%| F|  |TAMS 0x00000000c5700000, 0x00000000c5700000| Untracked 
|  88|0x00000000c5800000, 0x00000000c5800000, 0x00000000c5900000|  0%| F|  |TAMS 0x00000000c5800000, 0x00000000c5800000| Untracked 
|  89|0x00000000c5900000, 0x00000000c5900000, 0x00000000c5a00000|  0%| F|  |TAMS 0x00000000c5900000, 0x00000000c5900000| Untracked 
|  90|0x00000000c5a00000, 0x00000000c5a00000, 0x00000000c5b00000|  0%| F|  |TAMS 0x00000000c5a00000, 0x00000000c5a00000| Untracked 
|  91|0x00000000c5b00000, 0x00000000c5b00000, 0x00000000c5c00000|  0%| F|  |TAMS 0x00000000c5b00000, 0x00000000c5b00000| Untracked 
|  92|0x00000000c5c00000, 0x00000000c5c00000, 0x00000000c5d00000|  0%| F|  |TAMS 0x00000000c5c00000, 0x00000000c5c00000| Untracked 
|  93|0x00000000c5d00000, 0x00000000c5d00000, 0x00000000c5e00000|  0%| F|  |TAMS 0x00000000c5d00000, 0x00000000c5d00000| Untracked 
|  94|0x00000000c5e00000, 0x00000000c5e00000, 0x00000000c5f00000|  0%| F|  |TAMS 0x00000000c5e00000, 0x00000000c5e00000| Untracked 
|  95|0x00000000c5f00000, 0x00000000c5f00000, 0x00000000c6000000|  0%| F|  |TAMS 0x00000000c5f00000, 0x00000000c5f00000| Untracked 
|  96|0x00000000c6000000, 0x00000000c6000000, 0x00000000c6100000|  0%| F|  |TAMS 0x00000000c6000000, 0x00000000c6000000| Untracked 
|  97|0x00000000c6100000, 0x00000000c6100000, 0x00000000c6200000|  0%| F|  |TAMS 0x00000000c6100000, 0x00000000c6100000| Untracked 
|  98|0x00000000c6200000, 0x00000000c6300000, 0x00000000c6300000|100%| S|CS|TAMS 0x00000000c6200000, 0x00000000c6200000| Complete 
|  99|0x00000000c6300000, 0x00000000c6400000, 0x00000000c6400000|100%| S|CS|TAMS 0x00000000c6300000, 0x00000000c6300000| Complete 
| 100|0x00000000c6400000, 0x00000000c6500000, 0x00000000c6500000|100%| S|CS|TAMS 0x00000000c6400000, 0x00000000c6400000| Complete 
| 101|0x00000000c6500000, 0x00000000c6500000, 0x00000000c6600000|  0%| F|  |TAMS 0x00000000c6500000, 0x00000000c6500000| Untracked 
| 102|0x00000000c6600000, 0x00000000c6600000, 0x00000000c6700000|  0%| F|  |TAMS 0x00000000c6600000, 0x00000000c6600000| Untracked 
| 103|0x00000000c6700000, 0x00000000c6700000, 0x00000000c6800000|  0%| F|  |TAMS 0x00000000c6700000, 0x00000000c6700000| Untracked 
| 104|0x00000000c6800000, 0x00000000c6800000, 0x00000000c6900000|  0%| F|  |TAMS 0x00000000c6800000, 0x00000000c6800000| Untracked 
| 105|0x00000000c6900000, 0x00000000c6900000, 0x00000000c6a00000|  0%| F|  |TAMS 0x00000000c6900000, 0x00000000c6900000| Untracked 
| 106|0x00000000c6a00000, 0x00000000c6a00000, 0x00000000c6b00000|  0%| F|  |TAMS 0x00000000c6a00000, 0x00000000c6a00000| Untracked 
| 107|0x00000000c6b00000, 0x00000000c6b00000, 0x00000000c6c00000|  0%| F|  |TAMS 0x00000000c6b00000, 0x00000000c6b00000| Untracked 
| 108|0x00000000c6c00000, 0x00000000c6c00000, 0x00000000c6d00000|  0%| F|  |TAMS 0x00000000c6c00000, 0x00000000c6c00000| Untracked 
| 109|0x00000000c6d00000, 0x00000000c6d00000, 0x00000000c6e00000|  0%| F|  |TAMS 0x00000000c6d00000, 0x00000000c6d00000| Untracked 
| 110|0x00000000c6e00000, 0x00000000c6e00000, 0x00000000c6f00000|  0%| F|  |TAMS 0x00000000c6e00000, 0x00000000c6e00000| Untracked 
| 111|0x00000000c6f00000, 0x00000000c6f00000, 0x00000000c7000000|  0%| F|  |TAMS 0x00000000c6f00000, 0x00000000c6f00000| Untracked 
| 112|0x00000000c7000000, 0x00000000c7000000, 0x00000000c7100000|  0%| F|  |TAMS 0x00000000c7000000, 0x00000000c7000000| Untracked 
| 113|0x00000000c7100000, 0x00000000c7100000, 0x00000000c7200000|  0%| F|  |TAMS 0x00000000c7100000, 0x00000000c7100000| Untracked 
| 114|0x00000000c7200000, 0x00000000c7200000, 0x00000000c7300000|  0%| F|  |TAMS 0x00000000c7200000, 0x00000000c7200000| Untracked 
| 115|0x00000000c7300000, 0x00000000c7300000, 0x00000000c7400000|  0%| F|  |TAMS 0x00000000c7300000, 0x00000000c7300000| Untracked 
| 116|0x00000000c7400000, 0x00000000c7400000, 0x00000000c7500000|  0%| F|  |TAMS 0x00000000c7400000, 0x00000000c7400000| Untracked 
| 117|0x00000000c7500000, 0x00000000c7500000, 0x00000000c7600000|  0%| F|  |TAMS 0x00000000c7500000, 0x00000000c7500000| Untracked 
| 118|0x00000000c7600000, 0x00000000c7600000, 0x00000000c7700000|  0%| F|  |TAMS 0x00000000c7600000, 0x00000000c7600000| Untracked 
| 119|0x00000000c7700000, 0x00000000c7700000, 0x00000000c7800000|  0%| F|  |TAMS 0x00000000c7700000, 0x00000000c7700000| Untracked 
| 120|0x00000000c7800000, 0x00000000c78ed308, 0x00000000c7900000| 92%| E|  |TAMS 0x00000000c7800000, 0x00000000c7800000| Complete 
| 121|0x00000000c7900000, 0x00000000c7a00000, 0x00000000c7a00000|100%| E|CS|TAMS 0x00000000c7900000, 0x00000000c7900000| Complete 
| 122|0x00000000c7a00000, 0x00000000c7b00000, 0x00000000c7b00000|100%| E|CS|TAMS 0x00000000c7a00000, 0x00000000c7a00000| Complete 
| 123|0x00000000c7b00000, 0x00000000c7c00000, 0x00000000c7c00000|100%| E|CS|TAMS 0x00000000c7b00000, 0x00000000c7b00000| Complete 

Card table byte_map: [0x000001ed15e80000,0x000001ed16080000] _byte_map_base: 0x000001ed15880000

Marking Bits (Prev, Next): (CMBitMap*) 0x000001ed0df86710, (CMBitMap*) 0x000001ed0df86750
 Prev Bits: [0x000001ed16280000, 0x000001ed17280000)
 Next Bits: [0x000001ed17280000, 0x000001ed18280000)

Polling page: 0x000001ed0dff0000

Metaspace:

Usage:
  Non-class:      7.64 MB used.
      Class:      1.01 MB used.
       Both:      8.65 MB used.

Virtual space:
  Non-class space:       64.00 MB reserved,       7.69 MB ( 12%) committed,  1 nodes.
      Class space:        1.00 GB reserved,       1.06 MB ( <1%) committed,  1 nodes.
             Both:        1.06 GB reserved,       8.75 MB ( <1%) committed. 

Chunk freelists:
   Non-Class:  7.80 MB
       Class:  14.94 MB
        Both:  22.73 MB

MaxMetaspaceSize: unlimited
CompressedClassSpaceSize: 1.00 GB
Initial GC threshold: 21.00 MB
Current GC threshold: 21.00 MB
CDS: off
MetaspaceReclaimPolicy: balanced
 - commit_granule_bytes: 65536.
 - commit_granule_words: 8192.
 - virtual_space_node_default_size: 8388608.
 - enlarge_chunks_in_place: 1.
 - new_chunks_are_fully_committed: 0.
 - uncommit_free_chunks: 1.
 - use_allocation_guard: 0.
 - handle_deallocations: 1.


Internal statistics:

num_allocs_failed_limit: 0.
num_arena_births: 90.
num_arena_deaths: 0.
num_vsnodes_births: 2.
num_vsnodes_deaths: 0.
num_space_committed: 140.
num_space_uncommitted: 0.
num_chunks_returned_to_freelist: 0.
num_chunks_taken_from_freelist: 191.
num_chunk_merges: 0.
num_chunk_splits: 130.
num_chunks_enlarged: 100.
num_inconsistent_stats: 0.

CodeCache: size=49152Kb used=3584Kb max_used=3584Kb free=45567Kb
 bounds [0x000001ed123a0000, 0x000001ed12730000, 0x000001ed153a0000]
 total_blobs=1280 nmethods=897 adapters=309
 compilation: disabled (not enough contiguous free space left)
              stopped_count=1, restarted_count=0
 full_count=1

Compilation events (20 events):
Event: 0.613 Thread 0x000001ed1f215130  890       1       jdk.internal.org.objectweb.asm.Handler::putExceptionTable (63 bytes)
Event: 0.613 Thread 0x000001ed1f215130 nmethod 890 0x000001ed1271ba90 code [0x000001ed1271bc60, 0x000001ed1271be68]
Event: 0.613 Thread 0x000001ed1f215130  887       1       jdk.internal.org.objectweb.asm.MethodWriter::computeMethodInfoSize (571 bytes)
Event: 0.614 Thread 0x000001ed1f20ebe0 nmethod 883 0x000001ed1271c110 code [0x000001ed1271c340, 0x000001ed1271cbb8]
Event: 0.614 Thread 0x000001ed1f20ebe0  888       1       jdk.internal.org.objectweb.asm.MethodWriter::hasFrames (13 bytes)
Event: 0.614 Thread 0x000001ed1f20ebe0 nmethod 888 0x000001ed1271cf10 code [0x000001ed1271d0a0, 0x000001ed1271d178]
Event: 0.614 Thread 0x000001ed1f20ebe0  891       1       java.lang.reflect.Method::getName (5 bytes)
Event: 0.614 Thread 0x000001ed1f20ebe0 nmethod 891 0x000001ed1271d210 code [0x000001ed1271d3a0, 0x000001ed1271d478]
Event: 0.614 Thread 0x000001ed1f215130 nmethod 887 0x000001ed1271d510 code [0x000001ed1271d7c0, 0x000001ed1271dfc8]
Event: 0.614 Thread 0x000001ed1f215130  893       1       java.lang.invoke.MethodTypeForm::cachedLambdaForm (23 bytes)
Event: 0.614 Thread 0x000001ed1f215130 nmethod 893 0x000001ed1271ea10 code [0x000001ed1271ebc0, 0x000001ed1271ed78]
Event: 0.614 Thread 0x000001ed1f215130  894       1       java.lang.Character::isWhitespace (5 bytes)
Event: 0.614 Thread 0x000001ed1f20ebe0  895       1       java.lang.Character::isWhitespace (9 bytes)
Event: 0.615 Thread 0x000001ed1f215130 nmethod 894 0x000001ed1271ee90 code [0x000001ed1271f040, 0x000001ed1271f138]
Event: 0.615 Thread 0x000001ed1f20ebe0 nmethod 895 0x000001ed1271f210 code [0x000001ed1271f3c0, 0x000001ed1271f4b8]
Event: 0.615 Thread 0x000001ed1f215130  896       1       java.lang.CharacterDataLatin1::isWhitespace (23 bytes)
Event: 0.615 Thread 0x000001ed1f215130 nmethod 896 0x000001ed1271f590 code [0x000001ed1271f720, 0x000001ed1271f838]
Event: 0.615 Thread 0x000001ed1f215130  897       1       sun.invoke.util.BytecodeDescriptor::unparseSig (49 bytes)
Event: 0.615 Thread 0x000001ed1f20ebe0  898       1       sun.invoke.util.Wrapper::forBasicType (16 bytes)
Event: 0.615 Thread 0x000001ed1f20ebe0 nmethod 898 0x000001ed1271f910 code [0x000001ed1271fac0, 0x000001ed1271fbc8]

GC Heap History (2 events):
Event: 0.550 GC heap before
{Heap before GC invocations=0 (full 0):
 garbage-first heap   total 126976K, used 28672K [0x00000000c0000000, 0x0000000100000000)
  region size 1024K, 23 young (23552K), 0 survivors (0K)
 Metaspace       used 7944K, committed 8128K, reserved 1114112K
  class space    used 864K, committed 960K, reserved 1048576K
}
Event: 0.556 GC heap after
{Heap after GC invocations=1 (full 0):
 garbage-first heap   total 126976K, used 15780K [0x00000000c0000000, 0x0000000100000000)
  region size 1024K, 3 young (3072K), 3 survivors (3072K)
 Metaspace       used 7944K, committed 8128K, reserved 1114112K
  class space    used 864K, committed 960K, reserved 1048576K
}

Dll operation events (5 events):
Event: 0.009 Loaded shared library c:\Users\hp\.vscode\extensions\redhat.java-1.30.0-win32-x64\jre\17.0.10-win32-x86_64\bin\java.dll
Event: 0.163 Loaded shared library C:\Users\hp\.vscode\extensions\redhat.java-1.30.0-win32-x64\jre\17.0.10-win32-x86_64\bin\net.dll
Event: 0.165 Loaded shared library C:\Users\hp\.vscode\extensions\redhat.java-1.30.0-win32-x64\jre\17.0.10-win32-x86_64\bin\nio.dll
Event: 0.171 Loaded shared library C:\Users\hp\.vscode\extensions\redhat.java-1.30.0-win32-x64\jre\17.0.10-win32-x86_64\bin\zip.dll
Event: 0.343 Loaded shared library C:\Users\hp\.vscode\extensions\redhat.java-1.30.0-win32-x64\jre\17.0.10-win32-x86_64\bin\jimage.dll

Deoptimization events (0 events):
No events

Classes unloaded (0 events):
No events

Classes redefined (0 events):
No events

Internal exceptions (9 events):
Event: 0.394 Thread 0x000001ed0df47ec0 Exception <a 'java/lang/ClassNotFoundException'{0x00000000c6b860f0}: javax/smartcardio/CardPermission> (0x00000000c6b860f0) 
thrown [s\src\hotspot\share\classfile\systemDictionary.cpp, line 256]
Event: 0.396 Thread 0x000001ed0df47ec0 Exception <a 'java/io/FileNotFoundException'{0x00000000c6b94560}> (0x00000000c6b94560) 
thrown [s\src\hotspot\share\prims\jni.cpp, line 516]
Event: 0.432 Thread 0x000001ed0df47ec0 Exception <a 'java/lang/NoSuchMethodError'{0x00000000c6a27ba8}: 'java.lang.Object java.lang.invoke.DirectMethodHandle$Holder.invokeSpecial(java.lang.Object, java.lang.Object, java.lang.Object, long, java.lang.Object)'> (0x00000000c6a27ba8) 
thrown [s\src\hotspot\share\interpreter\linkResolver.cpp, line 759]
Event: 0.433 Thread 0x000001ed0df47ec0 Exception <a 'java/lang/NoSuchMethodError'{0x00000000c6a2b848}: 'java.lang.Object java.lang.invoke.Invokers$Holder.linkToTargetMethod(java.lang.Object, long, java.lang.Object, java.lang.Object)'> (0x00000000c6a2b848) 
thrown [s\src\hotspot\share\interpreter\linkResolver.cpp, line 759]
Event: 0.461 Thread 0x000001ed0df47ec0 Exception <a 'java/lang/NoSuchMethodError'{0x00000000c69125b0}: 'void java.lang.invoke.DirectMethodHandle$Holder.invokeStatic(java.lang.Object, java.lang.Object, java.lang.Object)'> (0x00000000c69125b0) 
thrown [s\src\hotspot\share\interpreter\linkResolver.cpp, line 759]
Event: 0.574 Thread 0x000001ed0df47ec0 Exception <a 'java/lang/NoSuchMethodError'{0x00000000c7a2fff0}: 'void java.lang.invoke.DirectMethodHandle$Holder.invokeSpecialIFC(java.lang.Object, java.lang.Object, java.lang.Object, java.lang.Object, java.lang.Object)'> (0x00000000c7a2fff0) 
thrown [s\src\hotspot\share\interpreter\linkResolver.cpp, line 759]
Event: 0.574 Thread 0x000001ed0df47ec0 Exception <a 'java/lang/NoSuchMethodError'{0x00000000c7a383c8}: 'void java.lang.invoke.DirectMethodHandle$Holder.invokeStatic(java.lang.Object, java.lang.Object, java.lang.Object, java.lang.Object)'> (0x00000000c7a383c8) 
thrown [s\src\hotspot\share\interpreter\linkResolver.cpp, line 759]
Event: 0.575 Thread 0x000001ed0df47ec0 Exception <a 'java/lang/NoSuchMethodError'{0x00000000c7a43a50}: 'int java.lang.invoke.DirectMethodHandle$Holder.invokeSpecial(java.lang.Object, java.lang.Object, java.lang.Object)'> (0x00000000c7a43a50) 
thrown [s\src\hotspot\share\interpreter\linkResolver.cpp, line 759]
Event: 0.586 Thread 0x000001ed0df47ec0 Exception <a 'java/lang/NoSuchMethodError'{0x00000000c796f318}: 'java.lang.Object java.lang.invoke.DirectMethodHandle$Holder.invokeStaticInit(java.lang.Object, java.lang.Object, java.lang.Object)'> (0x00000000c796f318) 
thrown [s\src\hotspot\share\interpreter\linkResolver.cpp, line 759]

VM Operations (10 events):
Event: 0.172 Executing VM operation: HandshakeAllThreads
Event: 0.172 Executing VM operation: HandshakeAllThreads done
Event: 0.334 Executing VM operation: HandshakeAllThreads
Event: 0.335 Executing VM operation: HandshakeAllThreads done
Event: 0.358 Executing VM operation: HandshakeAllThreads
Event: 0.358 Executing VM operation: HandshakeAllThreads done
Event: 0.375 Executing VM operation: HandshakeAllThreads
Event: 0.375 Executing VM operation: HandshakeAllThreads done
Event: 0.550 Executing VM operation: G1CollectForAllocation
Event: 0.556 Executing VM operation: G1CollectForAllocation done

Events (20 events):
Event: 0.609 loading class java/lang/WeakPairMap$WeakRefPeer done
Event: 0.609 loading class java/lang/WeakPairMap$Pair$Weak done
Event: 0.609 loading class java/lang/WeakPairMap$Pair$Weak$1
Event: 0.609 loading class java/lang/WeakPairMap$Pair$Weak$1 done
Event: 0.610 loading class java/lang/reflect/ProxyGenerator
Event: 0.611 loading class java/lang/reflect/ProxyGenerator done
Event: 0.611 loading class java/lang/reflect/ProxyGenerator$ProxyMethod
Event: 0.611 loading class java/lang/reflect/ProxyGenerator$ProxyMethod done
Event: 0.611 loading class java/lang/InterruptedException
Event: 0.611 loading class java/lang/InterruptedException done
Event: 0.611 loading class java/util/StringJoiner
Event: 0.611 loading class java/util/StringJoiner done
Event: 0.611 loading class java/lang/reflect/ProxyGenerator$PrimitiveTypeInfo
Event: 0.611 loading class java/lang/reflect/ProxyGenerator$PrimitiveTypeInfo done
Event: 0.612 loading class jdk/internal/org/objectweb/asm/Edge
Event: 0.612 loading class jdk/internal/org/objectweb/asm/Edge done
Event: 0.612 loading class java/lang/reflect/Proxy$ProxyBuilder$1
Event: 0.612 loading class java/lang/reflect/Proxy$ProxyBuilder$1 done
Event: 0.613 loading class java/lang/reflect/UndeclaredThrowableException
Event: 0.613 loading class java/lang/reflect/UndeclaredThrowableException done


Dynamic libraries:
0x00007ff6c8aa0000 - 0x00007ff6c8aae000 	c:\Users\hp\.vscode\extensions\redhat.java-1.30.0-win32-x64\jre\17.0.10-win32-x86_64\bin\java.exe
0x00007ff9616f0000 - 0x00007ff961907000 	C:\WINDOWS\SYSTEM32\ntdll.dll
0x00007ff95fc00000 - 0x00007ff95fcc4000 	C:\WINDOWS\System32\KERNEL32.DLL
0x00007ff95ed00000 - 0x00007ff95f0a7000 	C:\WINDOWS\System32\KERNELBASE.dll
0x00007ff95ea10000 - 0x00007ff95eb21000 	C:\WINDOWS\System32\ucrtbase.dll
0x00007ff950130000 - 0x00007ff950147000 	c:\Users\hp\.vscode\extensions\redhat.java-1.30.0-win32-x64\jre\17.0.10-win32-x86_64\bin\jli.dll
0x00007ff940f70000 - 0x00007ff940f8b000 	c:\Users\hp\.vscode\extensions\redhat.java-1.30.0-win32-x64\jre\17.0.10-win32-x86_64\bin\VCRUNTIME140.dll
0x00007ff95f5f0000 - 0x00007ff95f79e000 	C:\WINDOWS\System32\USER32.dll
0x00007ff95f1d0000 - 0x00007ff95f1f6000 	C:\WINDOWS\System32\win32u.dll
0x00007ff93e8a0000 - 0x00007ff93eb33000 	C:\WINDOWS\WinSxS\amd64_microsoft.windows.common-controls_6595b64144ccf1df_6.0.22621.3527_none_270e469b73872a76\COMCTL32.dll
0x00007ff95f9c0000 - 0x00007ff95f9e9000 	C:\WINDOWS\System32\GDI32.dll
0x00007ff95f860000 - 0x00007ff95f907000 	C:\WINDOWS\System32\msvcrt.dll
0x00007ff95f0b0000 - 0x00007ff95f1c9000 	C:\WINDOWS\System32\gdi32full.dll
0x00007ff95eba0000 - 0x00007ff95ec3a000 	C:\WINDOWS\System32\msvcp_win.dll
0x00007ff9610e0000 - 0x00007ff961111000 	C:\WINDOWS\System32\IMM32.DLL
0x00007ff953660000 - 0x00007ff95366c000 	c:\Users\hp\.vscode\extensions\redhat.java-1.30.0-win32-x64\jre\17.0.10-win32-x86_64\bin\vcruntime140_1.dll
0x00007ff931b80000 - 0x00007ff931c0d000 	c:\Users\hp\.vscode\extensions\redhat.java-1.30.0-win32-x64\jre\17.0.10-win32-x86_64\bin\msvcp140.dll
0x00007ff909460000 - 0x00007ff90a0c2000 	c:\Users\hp\.vscode\extensions\redhat.java-1.30.0-win32-x64\jre\17.0.10-win32-x86_64\bin\server\jvm.dll
0x00007ff95f7a0000 - 0x00007ff95f852000 	C:\WINDOWS\System32\ADVAPI32.dll
0x00007ff95f910000 - 0x00007ff95f9b8000 	C:\WINDOWS\System32\sechost.dll
0x00007ff95f3f0000 - 0x00007ff95f418000 	C:\WINDOWS\System32\bcrypt.dll
0x00007ff95f450000 - 0x00007ff95f565000 	C:\WINDOWS\System32\RPCRT4.dll
0x00007ff95e1d0000 - 0x00007ff95e21d000 	C:\WINDOWS\SYSTEM32\POWRPROF.dll
0x00007ff952990000 - 0x00007ff9529c4000 	C:\WINDOWS\SYSTEM32\WINMM.dll
0x00007ff95b550000 - 0x00007ff95b559000 	C:\WINDOWS\SYSTEM32\WSOCK32.dll
0x00007ff95fb20000 - 0x00007ff95fb91000 	C:\WINDOWS\System32\WS2_32.dll
0x00007ff9523e0000 - 0x00007ff9523ea000 	C:\WINDOWS\SYSTEM32\VERSION.dll
0x00007ff95e180000 - 0x00007ff95e193000 	C:\WINDOWS\SYSTEM32\UMPDC.dll
0x00007ff95da00000 - 0x00007ff95da18000 	C:\WINDOWS\SYSTEM32\kernel.appcore.dll
0x00007ff953100000 - 0x00007ff95310a000 	c:\Users\hp\.vscode\extensions\redhat.java-1.30.0-win32-x64\jre\17.0.10-win32-x86_64\bin\jimage.dll
0x00007ff95c0b0000 - 0x00007ff95c2e3000 	C:\WINDOWS\SYSTEM32\DBGHELP.DLL
0x00007ff95fd00000 - 0x00007ff960088000 	C:\WINDOWS\System32\combase.dll
0x00007ff961280000 - 0x00007ff961357000 	C:\WINDOWS\System32\OLEAUT32.dll
0x00007ff936f10000 - 0x00007ff936f42000 	C:\WINDOWS\SYSTEM32\dbgcore.DLL
0x00007ff95f200000 - 0x00007ff95f279000 	C:\WINDOWS\System32\bcryptPrimitives.dll
0x00007ff940f40000 - 0x00007ff940f65000 	c:\Users\hp\.vscode\extensions\redhat.java-1.30.0-win32-x64\jre\17.0.10-win32-x86_64\bin\java.dll
0x00007ff940f20000 - 0x00007ff940f38000 	c:\Users\hp\.vscode\extensions\redhat.java-1.30.0-win32-x64\jre\17.0.10-win32-x86_64\bin\zip.dll
0x00007ff960090000 - 0x00007ff9608ec000 	C:\WINDOWS\System32\SHELL32.dll
0x00007ff95c900000 - 0x00007ff95d1f6000 	C:\WINDOWS\SYSTEM32\windows.storage.dll
0x00007ff95c7c0000 - 0x00007ff95c8fe000 	C:\WINDOWS\SYSTEM32\wintypes.dll
0x00007ff961550000 - 0x00007ff961645000 	C:\WINDOWS\System32\SHCORE.dll
0x00007ff961650000 - 0x00007ff9616ae000 	C:\WINDOWS\System32\shlwapi.dll
0x00007ff95e940000 - 0x00007ff95e961000 	C:\WINDOWS\SYSTEM32\profapi.dll
0x00007ff93efb0000 - 0x00007ff93efc9000 	C:\Users\hp\.vscode\extensions\redhat.java-1.30.0-win32-x64\jre\17.0.10-win32-x86_64\bin\net.dll
0x00007ff955590000 - 0x00007ff9556c6000 	C:\WINDOWS\SYSTEM32\WINHTTP.dll
0x00007ff95def0000 - 0x00007ff95df59000 	C:\WINDOWS\system32\mswsock.dll
0x00007ff93e160000 - 0x00007ff93e176000 	C:\Users\hp\.vscode\extensions\redhat.java-1.30.0-win32-x64\jre\17.0.10-win32-x86_64\bin\nio.dll

dbghelp: loaded successfully - version: 4.0.5 - missing functions: none
symbol engine: initialized successfully - sym options: 0x614 - pdb path: .;c:\Users\hp\.vscode\extensions\redhat.java-1.30.0-win32-x64\jre\17.0.10-win32-x86_64\bin;C:\WINDOWS\SYSTEM32;C:\WINDOWS\WinSxS\amd64_microsoft.windows.common-controls_6595b64144ccf1df_6.0.22621.3527_none_270e469b73872a76;c:\Users\hp\.vscode\extensions\redhat.java-1.30.0-win32-x64\jre\17.0.10-win32-x86_64\bin\server

VM Arguments:
jvm_args: -Xmx1024m -Dsts.lsp.client=vscode -Dsts.log.file=/dev/null -XX:TieredStopAtLevel=1 -Xlog:jni+resolve=off -Dspring.config.location=file:c:\Users\hp\.vscode\extensions\vmware.vscode-spring-boot-1.54.0\language-server\BOOT-INF\classes\application.properties 
java_command: org.springframework.ide.vscode.boot.app.BootLanguageServerBootApp
java_class_path (initial): c:\Users\hp\.vscode\extensions\vmware.vscode-spring-boot-1.54.0\language-server\BOOT-INF\classes;c:\Users\hp\.vscode\extensions\vmware.vscode-spring-boot-1.54.0\language-server\BOOT-INF\lib\annotations-24.1.0.jar;c:\Users\hp\.vscode\extensions\vmware.vscode-spring-boot-1.54.0\language-server\BOOT-INF\lib\antlr4-runtime-4.13.1.jar;c:\Users\hp\.vscode\extensions\vmware.vscode-spring-boot-1.54.0\language-server\BOOT-INF\lib\asm-9.7.jar;c:\Users\hp\.vscode\extensions\vmware.vscode-spring-boot-1.54.0\language-server\BOOT-INF\lib\asm-analysis-9.7.jar;c:\Users\hp\.vscode\extensions\vmware.vscode-spring-boot-1.54.0\language-server\BOOT-INF\lib\asm-tree-9.7.jar;c:\Users\hp\.vscode\extensions\vmware.vscode-spring-boot-1.54.0\language-server\BOOT-INF\lib\asm-util-9.7.jar;c:\Users\hp\.vscode\extensions\vmware.vscode-spring-boot-1.54.0\language-server\BOOT-INF\lib\caffeine-3.1.8.jar;c:\Users\hp\.vscode\extensions\vmware.vscode-spring-boot-1.54.0\language-server\BOOT-INF\lib\checker-qual-3.12.0.jar;c:\Users\hp\.vscode\extensions\vmware.vscode-spring-boot-1.54.0\language-server\BOOT-INF\lib\classgraph-4.8.149.jar;c:\Users\hp\.vscode\extensions\vmware.vscode-spring-boot-1.54.0\language-server\BOOT-INF\lib\commons-codec-1.16.1.jar;c:\Users\hp\.vscode\extensions\vmware.vscode-spring-boot-1.54.0\language-server\BOOT-INF\lib\commons-compress-1.26.1.jar;c:\Users\hp\.vscode\extensions\vmware.vscode-spring-boot-1.54.0\language-server\BOOT-INF\lib\commons-io-2.4.jar;c:\Users\hp\.vscode\extensions\vmware.vscode-spring-boot-1.54.0\language-server\BOOT-INF\lib\commons-java-1.54.0-SNAPSHOT.jar;c:\Users\hp\.vscode\extensions\vmware.vscode-spring-boot-1.54.0\language-server\BOOT-INF\lib\commons-lang3-3.13.0.jar;c:\Users\hp\.vscode\extensions\vmware.vscode-spring-boot-1.54.0\language-server\BOOT-INF\lib\commons-language-server-1.54.0-SNAPSHOT.jar;c:\Users\hp\.vscode\extensions\vmware.vscode-spring-boot-1.54.0\language-server\BOOT-INF\lib\commons-lsp-extensions-1.54.0-
Launcher Type: SUN_STANDARD

[Global flags]
     intx CICompilerCount                          = 4                                         {product} {ergonomic}
     uint ConcGCThreads                            = 2                                         {product} {ergonomic}
     uint G1ConcRefinementThreads                  = 8                                         {product} {ergonomic}
   size_t G1HeapRegionSize                         = 1048576                                   {product} {ergonomic}
    uintx GCDrainStackTargetSize                   = 64                                        {product} {ergonomic}
   size_t InitialHeapSize                          = 130023424                                 {product} {ergonomic}
   size_t MarkStackSize                            = 4194304                                   {product} {ergonomic}
   size_t MaxHeapSize                              = 1073741824                                {product} {command line}
   size_t MaxNewSize                               = 643825664                                 {product} {ergonomic}
   size_t MinHeapDeltaBytes                        = 1048576                                   {product} {ergonomic}
   size_t MinHeapSize                              = 8388608                                   {product} {ergonomic}
    uintx NonProfiledCodeHeapSize                  = 0                                      {pd product} {ergonomic}
     bool ProfileInterpreter                       = false                                  {pd product} {command line}
    uintx ProfiledCodeHeapSize                     = 0                                      {pd product} {ergonomic}
   size_t SoftMaxHeapSize                          = 1073741824                             {manageable} {ergonomic}
     intx TieredStopAtLevel                        = 1                                         {product} {command line}
     bool UseCompressedClassPointers               = true                           {product lp64_product} {ergonomic}
     bool UseCompressedOops                        = true                           {product lp64_product} {ergonomic}
     bool UseG1GC                                  = true                                      {product} {ergonomic}
     bool UseLargePagesIndividualAllocation        = false                                  {pd product} {ergonomic}

Logging:
Log output configuration:
 #0: stdout all=warning,jni+resolve=off uptime,level,tags
 #1: stderr all=off uptime,level,tags

Environment Variables:
JAVA_HOME=C:\Program Files\Java\jdk-20
PATH=C:\Python312\Scripts\;C:\Python312\;D:\oracle\product\10.2.0\db_1\bin;C:\Program Files\Common Files\Oracle\Java\javapath;C:\WINDOWS\system32;C:\WINDOWS;C:\WINDOWS\System32\Wbem;C:\WINDOWS\System32\WindowsPowerShell\v1.0\;C:\WINDOWS\System32\OpenSSH\;C:\i686-8.1.0-release-win32-dwarf-rt_v6-rev0\mingw32\bin;C:\MinGW\bin;C:\Program Files\Java\jdk-20\bin;C:\Program Files\Git1\cmd;C:\ProgramData\chocolatey\bin;C:\Program Files\Git\cmd;C:\Program Files\nodejs\;C:\Users\hp\AppData\Local\Microsoft\WindowsApps;C:\i686-8.1.0-release-win32-dwarf-rt_v6-rev0\mingw32\bin;C:\Program Files\JetBrains\IntelliJ IDEA Community Edition 2024.1\bin;;C:\Users\hp\AppData\Local\Programs\Microsoft VS Code\bin;"C:\Users\hp\Downloads\apache-tomcat-8.5.96-windows-x64\apache-tomcat-8.5.96\bin;";C:\Users\hp\AppData\Roaming\npm
USERNAME=hp
OS=Windows_NT
PROCESSOR_IDENTIFIER=Intel64 Family 6 Model 140 Stepping 1, GenuineIntel
TMP=C:\Users\hp\AppData\Local\Temp
TEMP=C:\Users\hp\AppData\Local\Temp



Periodic native trim disabled


---------------  S Y S T E M  ---------------

OS:
 Windows 11 , 64 bit Build 22621 (10.0.22621.3527)
OS uptime: 7 days 2:35 hours
Hyper-V role detected

CPU: total 8 (initial active 8) (4 cores per cpu, 2 threads per core) family 6 model 140 stepping 1 microcode 0xb4, cx8, cmov, fxsr, ht, mmx, 3dnowpref, sse, sse2, sse3, ssse3, sse4.1, sse4.2, popcnt, lzcnt, tsc, tscinvbit, avx, avx2, aes, erms, clmul, bmi1, bmi2, adx, avx512f, avx512dq, avx512cd, avx512bw, avx512vl, sha, fma, vzeroupper, avx512_vpopcntdq, avx512_vpclmulqdq, avx512_vaes, avx512_vnni, clflush, clflushopt, clwb, avx512_vbmi2, avx512_vbmi, hv
Processor Information for processor 0
  Max Mhz: 2001, Current Mhz: 1200, Mhz Limit: 2001
Processor Information for processor 1
  Max Mhz: 2001, Current Mhz: 1200, Mhz Limit: 2001
Processor Information for processor 2
  Max Mhz: 2001, Current Mhz: 1200, Mhz Limit: 2001
Processor Information for processor 3
  Max Mhz: 2001, Current Mhz: 2001, Mhz Limit: 2001
Processor Information for processor 4
  Max Mhz: 2001, Current Mhz: 400, Mhz Limit: 2001
Processor Information for processor 5
  Max Mhz: 2001, Current Mhz: 400, Mhz Limit: 2001
Processor Information for processor 6
  Max Mhz: 2001, Current Mhz: 400, Mhz Limit: 2001
Processor Information for processor 7
  Max Mhz: 2001, Current Mhz: 400, Mhz Limit: 2001

Memory: 4k page, system-wide physical 7834M (912M free)
TotalPageFile size 31386M (AvailPageFile size 0M)
current process WorkingSet (physical memory assigned to process): 79M, peak: 79M
current process commit charge ("private bytes"): 211M, peak: 211M

vm_info: OpenJDK 64-Bit Server VM (17.0.10+7) for windows-amd64 JRE (17.0.10+7), built on Jan 16 2024 23:25:11 by "admin" with MS VC++ 16.10 / 16.11 (VS2019)

END.
